process_radtags -p /media/mfisher5/New Volume/Kristen/Data/UP03 -i gzfastq -y gzfastq -o ../samplesT142 -b barcodesL5.txt -e sbfI -E phred33 -r -c -q -t 92
process_radtags version 1.44 executed 2017-03-07 20:48:12

File	Retained Reads	Low Quality	Ambiguous Barcodes	Ambiguous RAD-Tag	Total
UP03_lane5_NoIndex_L005_R1_001.fastq.gz	9323808	1610596	2066755	2998841	16000000
UP03_lane5_NoIndex_L005_R1_002.fastq.gz	9117474	1714376	2097052	3071098	16000000
UP03_lane5_NoIndex_L005_R1_003.fastq.gz	9233311	1638392	2120160	3008137	16000000
UP03_lane5_NoIndex_L005_R1_004.fastq.gz	9080519	1728183	2131263	3060035	16000000
UP03_lane5_NoIndex_L005_R1_005.fastq.gz	9244182	1639937	2098547	3017334	16000000
UP03_lane5_NoIndex_L005_R1_006.fastq.gz	9172543	1646766	2111722	3068969	16000000
UP03_lane5_NoIndex_L005_R1_007.fastq.gz	9541419	1324851	2101882	3031848	16000000
UP03_lane5_NoIndex_L005_R1_008.fastq.gz	9317017	1491754	2130783	3060446	16000000
UP03_lane5_NoIndex_L005_R1_009.fastq.gz	9513051	1327208	2140169	3019572	16000000
UP03_lane5_NoIndex_L005_R1_010.fastq.gz	9327613	1479237	2129087	3064063	16000000
UP03_lane5_NoIndex_L005_R1_011.fastq.gz	9472168	1375691	2132233	3019908	16000000
UP03_lane5_NoIndex_L005_R1_012.fastq.gz	6286473	1043101	1457625	2124220	10911419

Total Sequences	186911419
Ambiguous Barcodes	24717278
Low Quality	18020092
Ambiguous RAD-Tag	35544471
Retained Reads	108629578

Barcode	Filename	Total	No RadTag	Low Quality	Retained
AAACGG	UP03_001	7117711	1116645	916221	5084845
GCCGTA	UP03_009	2448204	466100	250090	1732014
ACTCTT	UP03_017	2765479	1097593	232316	1435570
TTCTAG	UP03_025	2172561	299419	274280	1598862
ATTCCG	UP03_033	1648659	671762	148485	828412
CCGCAT	UP03_041	3016595	401123	356373	2259099
CGAGGC	UP03_002	1439865	489127	131200	819538
CGCAGA	UP03_010	4507662	585246	538693	3383723
GAGAGA	UP03_018	3555825	506267	405256	2644302
GGGGCG	UP03_026	659156	125286	111733	422137
TAATTC	UP03_034	2012170	911860	154346	945964
TTTAAT	UP03_042	1785911	527821	191902	1066188
AGCCAT	UP03_003	3709299	620060	439272	2649967
AGTAGG	UP03_011	12171989	417806	1746603	10007580
ATAGTA	UP03_019	7081126	3263826	427257	3390043
CGGTCC	UP03_027	2968917	1448169	176252	1344496
CCATTT	UP03_035	2804666	1089994	213018	1501654
CAGGCA	UP03_043	2766084	996158	225127	1544799
GCAGAT	UP03_004	3082998	384542	360828	2337628
GTCATC	UP03_012	5387407	2498402	349535	2539470
GACTCT	UP03_020	1889616	733156	158413	998047
TATCAC	UP03_028	2539524	1195121	196858	1147545
TGGGGA	UP03_036	6380312	315483	896985	5167844
TCTCGG	UP03_044	6376540	203842	990683	5182015
GTGCCT	UP03_005	2256481	458402	225262	1572817
TAGTAT	UP03_013	5124925	916093	526736	3682096
ACAAGA	UP03_021	3825349	354095	505858	2965396
TTCCGT	UP03_029	6642432	416318	989596	5236518
CCCTAA	UP03_037	3030061	955733	270832	1803496
AGGGTC	UP03_045	1872062	160215	202944	1508903
TGACAA	UP03_006	2697458	974049	242192	1481217
AATATC	UP03_014	5687189	1984756	537578	3164855
ACAGCG	UP03_022	3307907	805996	338573	2163338
GATCGT	UP03_030	8400593	409295	1260296	6731002
GGTTTG	UP03_038	2450047	903860	214555	1331632
CTCGCC	UP03_046	4293282	1209264	412267	2671751
GGACTT	UP03_007	1767217	634173	145642	987402
GGGCGC	UP03_015	1018794	221716	110710	686368
ATCAAA	UP03_023	2722168	886659	265909	1569600
GGCAAG	UP03_031	400983	153697	36507	210779
CATACT	UP03_039	757600	327709	61071	368820
CGCGTG	UP03_047	1460485	114998	177567	1167920
CAATCG	UP03_008	3917853	467099	542746	2908008
GAACCA	UP03_016	2127725	1011173	150296	966256
TCGGAC	UP03_024	769561	236671	69531	463359
ATGTTG	UP03_032	1460589	333150	158511	968928
AACTGA	UP03_040	3643754	731553	413549	2498652
TCTTCT	UP03_048	2271350	512989	269638	1488723

Sequences not recorded
Barcode	Total
CACACA	203468
CTCTCT	114241
CGAGAT	88198
ACAGGT	70814
ACACAC	55027
CCCCCC	54513
CTCCCT	48643
AGAGAG	48114
AAAAAA	40665
CTCCTG	40604
CAAAAA	39979
GAAAAG	38737
AAACAT	34210
CTCTTT	32631
CGTCTG	31991
CCCTCC	31530
ATAGAT	30965
CCCTGC	30641
CCCTCT	30641
AAAAAG	30159
CATTCA	30157
CATAAA	30063
CTCTGC	29748
TTCGTT	29009
CCTGCA	29001
GTCAAT	28833
AACCAA	27826
CAGCAA	27801
TCCGTT	26926
CATGAA	26754
GTCACT	26750
GTGTGT	26697
AAACAA	26455
CCAGCA	26412
ATATAT	26276
CAAACA	25881
CATCAT	25353
CATCCA	25069
ACAAAT	24851
CGTTCT	24771
ATATCT	24598
CATCAA	24493
TGTGTG	24476
GTCCTT	24168
AAATAA	24087
ATAACC	24030
ATTCAA	23891
CTTTAG	23564
CAACAG	23234
TGGGAT	23004
GAAACC	22939
CCATCA	22920
TTTTTG	22610
TATCCT	22602
AAAATA	22542
AAATGC	22496
ATAAAC	22414
CATTAA	22117
ATCTCT	22049
ATTTTT	22017
GCTAGA	21916
CAGAAA	21889
AAAATG	21808
AAAACA	21776
AACATA	21742
CTCTGT	21692
CCTCCT	21552
GTCGTT	21464
GTCTGT	21460
GATGTT	21454
AATAAA	21263
CCACCA	20886
CTGTCT	20874
ACCAGC	20834
CCTTTG	20821
CATTTT	20819
CCTTGC	20719
CTTCTG	20370
GTTTGT	20313
TGTTGA	20273
CCATGA	20190
AAACAC	20161
CCTTTA	20123
TATTTT	20067
GTCAGT	20064
ACACTC	20063
CCATGC	20054
AGAAAC	20050
ATCAGC	19984
AGAAAA	19938
CACCAT	19936
ATACCA	19908
ATTGCT	19852
ACAGAA	19812
AGAGAT	19799
GGAAAA	19734
CTTTTT	19724
CCTCCA	19667
CACAAA	19645
GCCTCC	19631
TTCTGC	19581
AAACTC	19547
CACCAG	19402
CCAGAA	19368
AACCTG	19362
ATCACC	19360
CAACAT	19258
CAATAT	19080
TAATAA	19068
CAAAAT	19061
TGAATG	18999
AAAAAT	18982
CAGAAG	18977
CAAATG	18938
GGTTGT	18921
GATAAA	18917
CCCCCT	18874
CTCTTC	18842
AATGCT	18801
ACCTTT	18781
AATAAT	18576
GTTGAC	18543
CTCCTC	18540
GCAGCA	18532
TTTAGC	18514
ATCATG	18416
ACATCA	18367
ATAATG	18319
CATGAT	18277
GATTGC	18250
GATATT	18221
CAATGC	18220
CCAAAC	18214
CACTCA	18172
ATTATG	18163
CATGCC	18152
CCCTTG	18108
GTCTCC	18078
AAGAAA	18061
CAAAAC	18053
AACCCT	18031
CATAAG	18027
GAACAT	18007
ATAATC	17994
CGCCAG	17922
AATTCT	17892
GTTCTT	17837
AGAAAT	17804
ACTCAA	17766
GTTGCA	17737
CTCACA	17721
AATGTT	17691
GAAGTG	17648
CACCAA	17648
CAATGA	17617
GATGAG	17612
CCATCC	17592
AAAGGT	17517
AAAGGA	17475
GAACAC	17461
CTTGCT	17395
CTTTCC	17372
CATGGT	17368
GTCACA	17353
ATAAGC	17338
GCCAGC	17324
CCCTTC	17299
ACATTA	17244
AAGCTC	17239
CATCAG	17174
GACCTT	17113
AAAGAG	17086
TATTGC	17068
AGAAGC	17040
GAAAAC	17031
CGTCAA	16951
CCAACA	16850
GTTCTG	16833
ATTTAG	16826
AACACA	16811
AACAAC	16800
CAAGAA	16784
AATGCA	16783
TTTCTG	16765
CAATAA	16753
CTTTAA	16732
TTTTTT	16721
AGAACG	16681
AACAGC	16672
TTGCTG	16608
TAAAGG	16580
AGCATC	16555
CCAAAT	16513
AAGCTG	16508
ACACCA	16487
CTCACT	16460
TTATGG	16431
CAACAA	16422
GCTGCA	16379
ATGTGT	16362
GCTTTA	16334
ATCCTT	16309
CAATGT	16287
TTCCTG	16278
AGCATT	16268
AAGCAG	16263
GATCTG	16261
ATTTGG	16257
CAATAC	16256
ATTTGT	16243
ACAGGC	16217
AAGAGC	16207
ATTTTA	16205
AAAAGC	16188
CATTAT	16185
CTCGGT	16184
ACATAA	16169
TGCTGG	16165
GACGTT	16139
AACATT	16132
GACCAA	16114
AACGGT	16113
ATAGGT	16110
ATGTAT	16106
AGCTTG	16098
TTCTGA	16044
AGCAGC	16025
TGATGC	15966
AAAAAC	15918
TAATCT	15909
GAAAAA	15900
GTTTAT	15895
ACAGAC	15886
AATCAG	15834
CGTCCT	15823
ATGGTT	15820
AGAAGT	15758
CTAAAG	15748
ACTGCA	15748
CAAATC	15731
ACCAAC	15629
GTTTCT	15618
TATTAA	15614
TATCTG	15589
GCCACC	15577
CGCTCT	15568
CTGAAT	15527
CCTTCA	15496
CCCATT	15481
CTCTCA	15465
ATTGTT	15437
AATTTA	15427
CATTTG	15396
AACCAG	15395
ATAACA	15383
CATTTC	15378
GGTTAT	15353
AACAGG	15345
AATAGT	15341
AAATCA	15339
CTTCCT	15321
GTCTTT	15250
CACATA	15186
CTTCTT	15159
AATTCA	15149
ATGCTT	15143
ATTTCT	15102
CATTAG	15094
ATTGCA	15092
GAGATT	15090
AATCTG	15084
CTCAGC	15073
ATCTAT	15059
AGGCGG	15026
AATCAA	15011
CTTGCA	14999
TGTTCA	14985
GGTCAG	14976
ATGCAA	14975
CAGCTT	14968
AGCCTC	14966
ACCATA	14956
TTTATG	14940
AAATCT	14915
GACCAT	14903
ATAAAT	14865
TATCCA	14848
CCCAAT	14819
CTTCAT	14809
CATCTG	14790
AAAACG	14785
ATATAA	14734
TTATCA	14727
CACATT	14691
AGAAAG	14668
CCCCTT	14664
CATCTT	14660
CTTCCA	14655
TGCTGC	14643
GTTTTT	14643
CACTCC	14622
TGCTTA	14619
ATATCA	14612
CCTAAT	14608
AACTAT	14592
CCATAC	14571
GATGCT	14570
GCAGGA	14560
TCAATA	14537
AGTGTT	14481
CATTGT	14419
AACCAC	14419
ATCTGC	14417
ACAAAG	14381
ATTATT	14364
AGATAT	14342
TATGGT	14323
CAAGAG	14317
AAAGCA	14292
AGGAGA	14269
GACCAG	14261
AATACA	14254
CAAAGC	14236
CAAGCT	14229
GAAGAA	14215
CCCCCA	14215
CATCTC	14207
GCATCA	14191
CAGGAT	14189
AGAATC	14183
TGGAGG	14174
ATTTAA	14165
TGGTTG	14162
GTCCAT	14159
AGCGGC	14152
TGATTA	14142
GCAATA	14138
TAATGT	14133
CAAATA	14127
ATATTT	14121
TCAAAA	14110
GTACGG	14091
ACCATC	14078
AAATTA	14030
CTTTCT	14019
TGAACA	14014
TGATGA	14004
TAAAGC	13997
GTTTGA	13976
AAATTT	13971
GCTAAA	13957
CATGGC	13882
TTAATA	13872
GTTATA	13857
CCCACA	13846
TAAGCA	13833
CCGCCC	13816
TGACGG	13815
CTGCTG	13801
TTTCTT	13765
CTCCAA	13763
GTTTTC	13762
CCCTGT	13755
TAAAAA	13750
CAGTAG	13730
CATTGC	13721
CACACC	13720
TTTACC	13705
AAAAGT	13697
AGACAG	13664
GAGAAT	13651
GACTGC	13647
TATGCA	13639
AATTTT	13631
AGATTG	13586
AAATGT	13572
ATACTG	13541
CACGTT	13535
GTTTGG	13529
TCAGAA	13528
TCCAAA	13521
AAGCAA	13474
GACTTC	13472
TCAACA	13455
CAGAAT	13450
AAGCAT	13441
GTTAAC	13438
GCTGGT	13437
GTGCTG	13436
TGTTAT	13432
GTAGGT	13355
ATTAAG	13351
CGAGCT	13330
AACAAT	13323
TAAAAT	13316
AGCACC	13302
AAGAAG	13292
GGTTAA	13277
CCTCTC	13276
TGCTTG	13270
AGCTTT	13263
CCCACC	13232
CCACCT	13193
CGTTGC	13179
TTTTGA	13166
CCTGAT	13164
GTCTGC	13144
CTCATT	13143
GCGGCA	13137
GCCATT	13117
CCTCAC	13112
CCCCTC	13109
ATAGCC	13104
CTCTTG	13091
TAATCA	13082
AAAGAA	13079
GGGGGT	13077
AATCCA	13056
CTGAGA	13050
CAAAGA	13028
CATCCC	13022
CATAAC	13017
TAACCC	13008
CACCTT	12987
CAAGAT	12973
TGTTTT	12933
AAAATT	12921
AATGAC	12920
CAACCT	12910
ACATGC	12909
AATAAG	12903
CCAAAA	12896
CGTTGA	12894
TCTGCA	12890
GCTTGC	12888
GTCCTG	12887
GTATGC	12872
ATTAGA	12865
ATAGAC	12861
TTTATC	12856
GCCATG	12853
CGTTCA	12848
GTTCCA	12834
TACCAG	12817
TTTGGA	12782
GGTCCT	12769
ATCAGG	12768
GGGAGG	12717
CCTCAA	12711
CAACGT	12688
GCCTCA	12673
GTCCCC	12660
GTCAGA	12649
CTTATG	12640
ACATAC	12599
TGTTAA	12584
GTATTT	12581
ATACAA	12577
AGGAAA	12557
CTTGAA	12554
GCCTTC	12550
GGCTTT	12530
CGGCGT	12526
CTACAG	12526
ACAATG	12514
CCACAC	12486
CCTACA	12482
CTCCAC	12475
CTTTGC	12473
GCAATC	12459
CACCCA	12454
TTTGGT	12451
CAGAAC	12430
AAATAG	12425
ATTCAT	12420
TTTCCT	12392
ATCCAC	12384
ATGGAA	12372
CCGTCA	12365
CACAAC	12358
TGTGGC	12336
CACTTC	12335
CTTAAA	12322
ATTTCA	12321
GCTTTT	12314
CTACTG	12290
CAGCAG	12278
GCTGCT	12272
CCACAA	12269
ATTGGT	12259
CATTTA	12259
GATTAT	12256
CCTCCC	12247
TTCTCT	12232
CCTGCT	12227
CGCAAT	12218
ACAACC	12217
CCAGCC	12213
CGTCAG	12212
TGGTTT	12205
CGCTTT	12200
ACCATG	12176
CATGAC	12171
TTTGTT	12144
GCAAAA	12138
CTTGAT	12119
TCTGGT	12114
AATGAA	12105
CACTGT	12099
CGATAA	12090
TATGGC	12088
ATTTTC	12082
CCGCCA	12059
ATGAAG	12052
AACACT	12044
GAGGCT	12042
AAAGCT	12037
ATATTC	12026
CGTCAT	12023
AAATAC	12003
CTCAAC	11977
AATAGA	11957
CCAAGC	11955
ACTGTA	11947
TAAACA	11938
GACAAA	11936
CTGTGT	11926
CTCCCA	11901
ATAGGC	11889
GAATGC	11882
AATCAT	11879
CCCATG	11872
TTATTA	11857
AAATAT	11853
CCTGTT	11809
CATGTA	11803
CCCATC	11794
CACACG	11787
AACTTC	11786
TGCTAT	11770
TTTTGT	11769
CTCAGG	11764
AGAATG	11755
CATATA	11713
CCAGCT	11698
GGGGAT	11698
ATGCAG	11693
AATTAT	11691
CGACCA	11689
ATATGC	11672
GACATT	11665
GTTATT	11663
CACTGC	11660
AGGAGC	11653
CCACTG	11652
GGTAAA	11612
TTCAGC	11609
CAACAC	11585
ATTTAT	11585
CACCTC	11584
ATTTCC	11583
TATTGA	11583
AGATGG	11558
CGGCCT	11557
CAGCCT	11553
ACTGAC	11550
ATTAAC	11545
TACCAT	11545
CTGACC	11544
CGTCCC	11540
ATAAAG	11537
GAGATG	11535
AGTCAA	11523
CCTTGA	11504
CATGTG	11491
TCTGAT	11481
CCCCAC	11463
ATGGCG	11459
TCTCCA	11448
ATGGCA	11447
TGGTCA	11418
AACAAG	11407
ACAAAC	11406
CATAGA	11405
GGCATT	11385
GAGCTT	11384
CTTCTC	11352
AGTTGT	11315
TCATCA	11314
CTCTAC	11303
TCATGG	11285
GCTTAA	11278
CAACTT	11277
TTTTTA	11246
AGTATT	11240
GGAAAC	11238
ACACAG	11235
GCATAA	11226
GAGGGT	11222
ATGAGA	11218
CGGCAG	11204
GGTGCT	11198
AATGAG	11168
GTTGTT	11153
GAACTG	11142
AAACTA	11129
CTGCTT	11124
AGAGGA	11114
ACCCTG	11113
ATTCTC	11101
GCTCCT	11093
TCTTGC	11093
CGTTTT	11087
ATCACT	11081
ACCATT	11080
ACAGTC	11073
GATTAA	11070
ACACAA	11066
GTCTCA	11062
GCAAGG	11059
ATACGA	11020
ATAGCT	11011
CTTTAC	11004
AAAACC	11003
TGCAGG	10999
AATACG	10993
CAGATG	10987
ATCTGT	10986
CATGTC	10978
GGCCTC	10977
CCCAGC	10976
CAGCGT	10970
AGCTTA	10969
GTCTAT	10966
CTTCAA	10949
ACTGCT	10949
CACATC	10947
TTGACG	10945
CCTGAA	10944
GCCGCT	10934
GCTTAT	10927
TTATTG	10922
TGCAAA	10908
AAGGAT	10904
CTGATT	10881
ACTTAA	10864
AGTCCA	10861
TGTTTA	10859
ACGCAA	10851
GCCACA	10848
CATTGG	10825
CATTAC	10825
TGAAAC	10823
ATAAGT	10821
TTAGAC	10820
CCTCTG	10819
TGGCGG	10805
TTTGAG	10805
GTGATT	10800
CTTTGT	10798
AATGAT	10796
AGACCA	10791
CCTTCC	10790
CCTTAT	10788
CAAAGT	10785
GATTCA	10776
GGGTTA	10772
GGTTAC	10755
TCTCTC	10740
CTGTCA	10737
GGCGGC	10735
ACGCTC	10726
ACACGC	10721
CTGCAA	10719
GATTGG	10716
AATGCC	10712
GCCAGA	10694
ATTGTG	10693
CTGATG	10683
CTTTAT	10677
CAGGGT	10671
CAGATA	10667
AAGAAC	10667
ACCACC	10663
CTGCTC	10653
ACGTTT	10651
TTCTTT	10647
TTGCAG	10647
TGGCAT	10644
CCGTCT	10628
GTGTGC	10628
AGATGC	10624
TTGGTT	10605
GATGCA	10600
AGTTGC	10586
ATAACG	10586
CGCATT	10574
AGTAAA	10574
ATAGAG	10572
GGTTGA	10570
CACCAC	10562
GATAAT	10561
TAACCT	10561
TATTCA	10551
CTGAAA	10534
ACCAAT	10531
ATAATT	10524
AGCAAC	10523
GCTGGC	10521
ACTAAA	10513
TTTGAC	10509
TCTTTC	10504
CTTTTC	10501
TATGTT	10497
AGATCG	10488
CACATG	10484
ATGAAC	10474
AAAGTT	10473
CCTCAG	10472
TCAGTA	10457
TTCTCA	10442
AAGGAC	10436
GTTCAT	10434
AAACCT	10429
CTCAAT	10429
TCTCAT	10422
ACCTTG	10412
TCAAAT	10401
GACGCC	10398
GTTGGT	10384
TCCTGC	10368
CTGGCG	10365
CCTTTC	10361
CGTTTC	10352
GCTTGG	10346
GCTGAA	10339
CTCCAT	10339
CGTTAA	10333
TCTCCC	10333
GCTGTT	10331
CGGAAA	10330
ACTTTG	10327
CATTCC	10325
ACAACT	10323
ATACAT	10310
TATCTT	10308
GAAATG	10293
CACAAT	10292
TAAATA	10291
TTCCTC	10264
CATGTT	10256
CCAACC	10244
ACCCTC	10243
GGTTGC	10242
TGACGC	10242
TGTGGG	10240
AAGCAC	10231
GATTGA	10226
AAAGTC	10223
CACCCC	10223
CTCTAT	10219
AGCGAA	10212
TACAGT	10211
CTCCAG	10208
GGTATA	10202
AAACTT	10200
ATTCGT	10194
TTGGTC	10191
CACTTT	10182
TCCTTC	10177
TTTGCA	10175
CATAGC	10163
ACACAT	10162
AGTGGC	10158
TCTTTA	10153
TAATGG	10149
CACCCT	10144
CTTGGT	10134
GGATGA	10133
CAGCAC	10119
AATCCC	10114
AGGAAG	10112
CTCCTT	10112
CGCTAC	10112
GGGTTT	10107
TTTTTC	10083
ACTGAA	10059
ATCCAG	10059
CTGCAG	10056
ATGTCT	10047
CCAAAG	10041
TTAGGG	10039
GGCCTG	10031
TCAGGA	10026
GTTTTA	10008
TTCATG	10003
CAAACC	10000
GCCTTT	9999
GGCGCT	9997
GAATGT	9993
AGCTCA	9961
GCCGCC	9939
CTAATG	9928
ATGATT	9926
GAAGGA	9924
GGTGAT	9916
GCATGA	9915
TAACCG	9914
CACTTA	9914
GGTATT	9913
GGCAGC	9910
CAACGC	9903
GCCTGT	9902
CTTCGG	9896
ATTCAC	9892
GAGAAG	9883
TTCTTC	9876
AAACCC	9872
GGCGTT	9865
CAAAAG	9860
CTATTG	9858
CACAGT	9844
TTGTTA	9840
TGTTGG	9820
AGTAAC	9816
GCAAGC	9798
TTGCAT	9793
GATTTA	9782
CTTGCG	9772
ATTGAA	9767
CAAAGG	9766
CAGGGC	9764
GGTCAA	9762
AGCCTG	9757
GGGGAA	9740
AACCGT	9740
TAGTTG	9725
CTAAAT	9725
ATTAGC	9717
CTCTGA	9693
AGCGCC	9689
ACCCCT	9689
CAGGAG	9686
AAAACT	9647
ATTTGA	9647
TTCCAA	9640
GAACAG	9627
ACTCCA	9606
TAAATT	9606
CTGGTA	9595
AAGTCA	9590
GTTGAT	9588
AAGGTA	9577
CTTCCC	9573
CATGGA	9566
TGGTAA	9564
AGGACG	9559
CAAGGT	9559
AGGGGG	9554
TCCTTT	9537
CCCATA	9515
GACCCC	9509
TGATTT	9481
CCCCTG	9475
ATACTC	9470
AACGGC	9468
ACTCAC	9461
ACATAG	9458
TATTTA	9455
AACATG	9443
CAGATT	9439
ATATGG	9437
GAAAAT	9434
AGTTAA	9434
GAAGGC	9432
ATTGCC	9430
CCGGCG	9428
TGTTTC	9426
TTAACA	9425
CTTTGA	9416
GTGGCC	9412
TTCCTA	9410
CCAATG	9402
ACACCT	9395
GACGGT	9380
TCAGCA	9375
TCTGAA	9374
CACGCT	9368
GTATCT	9367
GTCCAC	9363
AGGATA	9363
AAGATT	9359
CAGTCT	9357
GTTCAG	9341
TGAATC	9340
ATTTGC	9324
TGTTCC	9310
TGTGGT	9306
GAGCAG	9305
AACGTG	9299
ATCACG	9296
CTGCCG	9295
ACACGT	9281
GATATG	9279
AAAGAC	9278
ATGCCA	9274
AGATGT	9272
CTGTTT	9271
CAGACC	9268
GACCTC	9259
GATTTT	9252
AAGCCT	9239
TCTCAA	9235
TGATAT	9229
TAGCAA	9221
GTCGGG	9200
ACCAAG	9197
TCAAAG	9196
TAACGA	9179
GACGAC	9175
TGCTTC	9168
GATGAA	9163
AGCTGT	9161
TTAAAG	9160
CCAATC	9156
ACCGCC	9147
CTTAAG	9142
AGCTGG	9141
AGGAGT	9135
ATCTTT	9132
TTTTGC	9131
CCAATA	9130
GCTTCC	9129
CACAAG	9127
CTAAAA	9126
CATAGG	9114
GATGTA	9114
TGGTGC	9108
TATGGA	9107
CATTGA	9094
TTAAAA	9092
CACAGC	9091
CGGCAA	9089
AGGAAC	9087
AATCGC	9086
CATCGC	9085
AGCGTT	9080
CATGCG	9066
AGTCCT	9055
AACTTG	9037
AATTAA	9035
CACCTG	9034
CGGTTA	9011
ACACTG	9008
GGAACA	9004
AACCCC	9002
GGGCTG	9000
GCCCTC	8997
GTTTCC	8977
GTTAAA	8971
CTGCGT	8964
CCATAG	8963
GTTGAG	8959
CGTATG	8958
CAACTG	8954
GGCTGC	8952
GTATGT	8950
AATTGT	8940
GGCGTC	8922
CGTCTT	8917
AACCTC	8915
CTCTTA	8915
AAGTAA	8913
TGCCAC	8912
TCTGCC	8910
GCTCAT	8899
GAAATA	8898
CGTACC	8897
CTTATT	8897
GGTAGC	8895
GGTGCA	8886
ACAATT	8874
GAACTC	8869
CCCAAC	8864
TGGCCT	8864
TAGCCA	8850
CGGAGG	8842
GGTTCC	8836
AGATTT	8833
AGACAC	8832
GTTCAA	8825
GTAAAG	8816
CGAAAA	8814
GTTCCC	8811
AATGGC	8799
AATCCT	8799
ACGGCA	8797
AGAGAA	8796
TTAATG	8776
CCCCAG	8759
CTGCCC	8748
GCATCT	8742
GGTGGC	8735
ACATCT	8714
TCACCA	8709
TATATT	8707
CGCCTC	8704
TGCAAC	8703
AGGCCA	8700
ACCAGT	8685
AGTTTT	8675
CAGGTT	8671
AATTTG	8662
GGCTGG	8660
TTAAGC	8652
GTTCTC	8641
AATGTG	8639
CTGATA	8635
AGATGA	8634
GCCTGC	8630
GGTTCT	8629
AACTTT	8625
CAACCC	8622
TAGAAA	8602
TGGCTG	8602
CCGCTG	8601
GCTACT	8598
ATGCGG	8598
GTATAA	8594
TTATTT	8592
TGACCC	8588
AGGTGA	8587
TGCTGA	8577
CTGGTG	8576
GCTATT	8574
GTTTGC	8573
TGACCG	8573
CGCGAT	8570
ACTTTA	8560
AGTGAG	8548
GCCAAT	8548
CTGTTC	8546
ATGAGG	8545
GGTCAT	8542
ATACGT	8538
CGCTTC	8525
CTACCA	8516
TTTCCA	8507
ATGAGT	8506
ACCTCA	8501
ACTTCC	8489
ACGCAG	8471
AAGTTA	8465
TCACCT	8465
AAGAGG	8459
CCCGGC	8455
CAGTAA	8453
CAGCCC	8452
ATTACC	8446
AGCAGT	8445
AAGCGC	8443
TGCTAA	8441
TGGCAC	8439
CCTGAG	8426
GCGTTG	8426
GCTACA	8424
ACCTCC	8411
GACGCA	8410
ACGCTG	8410
TGATGT	8409
GGTGGT	8402
CCACCC	8401
TTAATT	8401
AGTCTG	8395
GGCCGT	8393
CGGTAT	8387
CAGTTA	8382
CTATGT	8379
CAGGTG	8371
TATTGG	8366
TCAAAC	8361
CTTGAC	8355
ACCACA	8347
AACACC	8345
TGCCGA	8339
CTTATC	8328
CTTTTG	8324
ACCGTC	8315
TTATCG	8311
CGGGAT	8310
TTAATC	8293
CCCAAG	8291
CACTAT	8291
GTATGG	8289
TTGCTT	8288
TGCCGC	8275
ATCGTT	8275
CTGTAG	8273
AGGCTG	8272
GCCAAA	8271
AGCCGC	8267
CATGAG	8263
GGTTCA	8261
GAGCAT	8253
TAGCGT	8249
TGGTGG	8244
GTGCTC	8243
TACCGC	8232
ATACAC	8223
TCATCC	8217
ATTGAC	8213
AAATCC	8207
CGTACG	8196
CGCTGC	8194
CTTGTT	8194
GTCTAA	8193
GTGTTT	8189
ATTGAG	8177
ATCCCT	8173
ATCCCC	8173
GTATTG	8162
AGAGCC	8159
CGTGAT	8155
CCCTGG	8142
CCCACT	8140
GATAAG	8132
GACAAT	8132
TCCGGT	8131
CCGAAG	8130
TAGCAG	8120
CTCTCG	8117
AAGCGT	8117
ATTGGG	8106
ACCTGC	8103
GCTCAG	8102
TTAGCC	8099
TATAGA	8097
TGAATT	8095
ACGCAC	8095
TCTTGA	8088
TTTGAA	8088
GAATGG	8074
GCCCCC	8051
GTCCAA	8050
TTACCA	8047
AACAGT	8036
ACATCC	8035
GCGTAC	8028
GTAGCG	8019
TGTTGC	8015
GCTCTC	8009
TTTTAC	8008
GCATTG	8006
GCCTTG	8005
CTAACC	7993
CAGCGG	7991
GTTGAA	7990
AAGGCT	7987
TGCATT	7986
GAAGTC	7972
CCCTCG	7968
AGTCAC	7965
TAAGCT	7965
AATTAC	7963
TGAAAT	7960
TACTGC	7956
GAAGCC	7955
ACGGCT	7955
ACGTTC	7953
ATCTCC	7953
ATATGT	7952
AAGATA	7948
GGAAGC	7945
GACACA	7941
GCTACC	7937
CGTATT	7923
ATTATA	7922
ATCGGT	7918
CTGGCT	7914
ACCTCT	7910
ACTGAT	7906
CGTTTA	7902
GATAAC	7901
GCTGGA	7900
ACACCC	7898
ATAAGG	7896
ATGGCT	7892
GACCGC	7880
TTCATT	7878
GATTAG	7877
ACGGCC	7873
TTCACG	7871
GGCTAA	7867
AAGGTG	7864
ATGAGC	7861
CACGAC	7860
ACCTGT	7848
TGGAAA	7843
ATTACA	7823
GCCAGT	7813
CAGGAC	7811
TAACTG	7811
ACCACT	7805
TTCTTA	7805
CGCAAC	7804
GTACGC	7803
GTGATG	7796
TATATG	7794
TTCCAC	7792
AACGTA	7792
TTGCAA	7784
CCTCTA	7782
TACCTT	7782
TGTCAT	7768
TGGACT	7760
GACTTG	7757
CTGACG	7755
ACGCGG	7753
TACTGT	7751
CTACAC	7747
ATGCTC	7741
AGACTC	7737
ACATTC	7731
TGTCTA	7724
TAGCGG	7723
AAGTGG	7722
ACGAAA	7714
AAAGCC	7712
GAATGA	7709
GTTACT	7707
GCAACG	7706
GCAACT	7702
AGGCTT	7697
ACATGT	7694
GCCCCT	7690
GGTCTA	7679
ATGAAT	7678
GAAGAG	7677
TTTGTC	7667
GCAGTC	7660
TAGACA	7655
CTATCA	7646
AGGGAG	7646
CAAATT	7643
CTCCTA	7630
GACCAC	7630
TATGAT	7629
AATGGA	7627
GCCCTG	7624
GTATCC	7618
CTCAGT	7617
TTATGT	7609
AACGAT	7603
AATTAG	7600
CTTGGC	7600
ATGCCC	7594
TCCAAG	7590
CAATTA	7585
TAAAGA	7583
CAAGGA	7571
TCAATC	7570
ATGTCA	7569
CGTCAC	7568
TAGACC	7568
AAAGAT	7563
CCTAAC	7544
ATCTCA	7512
TCATGA	7512
GTTGCT	7511
GCTCTG	7511
ACGACC	7509
GGAGCA	7507
ATGACA	7493
GGCGAC	7492
TGTAGC	7482
TAACAT	7480
GTCGGC	7476
CTGCTA	7475
GCCGAC	7471
CAAGTT	7470
TGAGTT	7461
GCAATG	7461
AGTGTG	7458
CGAGAA	7456
GCATGG	7453
CGATGA	7453
TTTCTC	7447
GCCACT	7441
CCCGCT	7440
TGATGG	7439
CTCTGG	7435
GTTTAC	7433
TTGATG	7427
GTAAAA	7424
CTATGA	7422
GGCTCA	7421
GATACC	7416
TCTGTT	7414
GTTGTG	7406
TTAGAG	7403
AGGTTT	7402
ACTCAG	7402
GTCACG	7401
GGTACG	7399
GACAGC	7394
ACTCCC	7391
TATTTG	7390
ATGCAC	7386
ACGCCG	7385
CTGTAA	7384
AAATTG	7378
TAAACG	7359
CACAGG	7359
GAATAT	7359
ACTGGC	7357
GTGATA	7357
TAACAG	7349
CTGCCA	7343
ACGAAC	7342
TTTCTA	7342
AACGCA	7334
CCCAGT	7326
CTGGTC	7321
CTTGTG	7321
AAGCGA	7317
CGGCTG	7314
TTGAGT	7306
AACCCA	7304
ACCCCC	7298
CCTGAC	7290
CCGTTG	7289
TAACTT	7285
TTGTTT	7284
TGTTGT	7283
GCTTGT	7276
GACGGC	7274
CAGTGT	7266
CGTAAA	7264
AGCTAA	7263
TTTTGG	7258
CTGACT	7250
TAGCTT	7244
TCCTGA	7242
CTTTCA	7239
GTCCAG	7230
TTTAGG	7213
ATATCC	7210
GAGCGG	7207
TACAAA	7199
GCATAC	7194
CTGAAC	7194
AATGGT	7192
TGAAGA	7191
TTAAGT	7190
CAAGTA	7189
CCTGTC	7186
CAGTTC	7176
TTATGC	7166
ATGCAT	7166
ACTTCA	7164
AGATTA	7155
AGTCTC	7152
AGTCAG	7148
AAGATG	7144
AGGTGG	7137
TTATAT	7130
TCACAC	7126
CATATG	7125
ACTGGT	7122
TCCATC	7121
ATACTT	7121
GATGTG	7120
TCAACC	7118
CGACTG	7117
TCCACT	7114
CGTTAT	7112
TTTAGA	7111
TATTGT	7110
TCTTTG	7109
CTGGTT	7093
ATATGA	7090
AGATAA	7082
CTTTTA	7080
AGAGGG	7078
ATCCCA	7078
GATTTC	7064
TGTCTC	7059
GCAGGC	7051
GCAACA	7047
GTAAAC	7044
TTAACC	7042
TCGGTG	7036
CGATAC	7033
GATACA	7028
ATCTTA	7019
AGTGGA	7010
AACGTT	7005
TGTCTG	6989
AAGAGT	6985
AGCACA	6984
ATCCTG	6983
GGATAA	6983
GGTCGG	6979
GCTCAA	6978
ACCGCT	6974
GAAAGG	6967
TTAGCA	6966
CGCCAA	6962
TTCTCC	6961
TCGCGT	6958
CCACAG	6957
CAAGCC	6956
AGGATG	6955
CGGAAG	6950
CTATCT	6944
AGTTAG	6943
TCATAG	6938
TGCGTC	6937
GTTTCA	6936
CGTGAC	6934
TACACG	6930
GCGGCT	6922
TGACTC	6918
GTCTAC	6916
TCCTTG	6907
ACATTG	6906
TGAGAT	6904
GCCTAC	6903
CCATGG	6902
AGGTCT	6900
AACGCG	6895
ATGCTA	6886
CCGCGG	6883
CTTGGA	6881
GGGATG	6880
ATTGGC	6877
GTGGCA	6871
TACTAA	6868
ATCATT	6858
ATCAGT	6855
CTGGAG	6850
CCCGCA	6849
CCACTC	6837
CTCATG	6821
GGCTTC	6817
CACGTA	6815
AGCCCC	6812
TAAACT	6807
CGTGCC	6804
ATCCTC	6799
TCCCAA	6797
GCCGAG	6796
CTGCAC	6787
ATATAC	6777
GAATTA	6776
ACGGAA	6773
CTTCAC	6767
CAGTTT	6764
CACGAA	6754
CCAGAG	6754
GAACGC	6750
AGAGGT	6744
GCTTGA	6742
TACGAA	6739
GCTCAC	6737
TGCATG	6736
CCTGCG	6729
AGACGA	6725
CAGCGA	6719
AACGCT	6716
TAGGGT	6715
GCTTCG	6715
TGGTCG	6713
GTCAGG	6708
GCATTA	6698
AGGCAG	6696
GCAGCC	6687
CCTGTG	6687
TTGTTC	6686
GTCTTG	6679
GTTGCC	6678
AATGTA	6675
TGTATG	6671
TCTTAA	6671
GCGCTT	6669
GACGAG	6668
ATAACT	6652
CGCCGC	6649
CTACCT	6638
TGAATA	6635
TCGGCA	6623
CTGAGC	6623
GCAGGG	6614
AGTGGT	6612
TGGATG	6608
ATTGTC	6606
ACGTCA	6605
CGGGAG	6601
AGAGCT	6597
GACATG	6593
CCTATT	6588
GAATAA	6585
TTCAGA	6585
TTAAAC	6579
AGTCGC	6579
CGCTGT	6577
GAAATC	6575
AACACG	6573
TGCTCA	6572
AGTGCC	6571
AGAGAC	6569
TGATTG	6567
GTGTTA	6563
GTCGCT	6560
TTCACT	6554
GACGTC	6550
AACTAC	6548
ATCTTC	6536
TGGGTG	6529
GCACCT	6527
CAACTA	6519
GGCCAC	6518
TTTTCC	6517
TAACGT	6509
CCCAGG	6502
GATGGA	6502
CAAGTC	6494
CTTACC	6487
ATGACG	6478
GTTAAG	6478
TTCCCA	6477
GAAGTT	6464
AGCGGT	6460
AAGACG	6455
CTACAA	6451
TGTCGC	6447
CCACGG	6445
GCCTAT	6444
TGACGT	6443
CTACTT	6443
GCGTTT	6442
ATGTGC	6438
TTCAAC	6437
GGAGAG	6433
TCACGC	6428
AAGTCT	6415
CACTAC	6411
ACATAT	6408
ATACCT	6404
TGGCAG	6399
CAACTC	6398
AGCTCT	6396
CGGTTG	6394
AGACCT	6386
CCGGCC	6386
CTATTC	6385
TTTTCA	6377
GCCTGA	6370
TTTCAA	6359
CCAACT	6358
CGATCT	6357
ACCCTA	6357
TCTGTC	6356
TAAGAG	6352
GCGCCA	6351
GCCCAT	6348
GTAACA	6346
AGACCC	6345
ATCGTC	6343
TGGCTA	6340
TTGGGG	6337
GGACAC	6335
CCCCTA	6331
GTGCAC	6330
ACACTA	6328
GAGTAA	6327
GCGTGT	6315
TCGTCA	6314
TGAAGG	6310
GGTCCA	6301
CCGTTC	6270
GACTAC	6264
TAGAGC	6259
TGAGCT	6257
TACCAA	6253
TGAGTC	6251
CTGTGC	6248
AAGCTA	6247
TGCATA	6245
CGGAGC	6242
ACAATC	6239
ATGTAA	6227
CTCCGC	6227
TACGTT	6226
ACTACT	6221
TCAACG	6220
ATTCTA	6220
CCTTGT	6219
TCACGT	6217
AATTGC	6208
AGTTCG	6204
GTGCAG	6200
GAGTGT	6196
CGAACA	6195
CCACTA	6190
TGTTAC	6185
CGTGCA	6182
GGCGCC	6174
CCTGCC	6172
GATAGC	6169
CACTGG	6167
TTGACA	6166
TTTTAA	6164
GTAATT	6161
GTTTAA	6161
TGACCT	6154
GGAGTG	6150
GTTGGA	6147
GCATTC	6145
TATGCG	6144
TTGAGA	6144
GACATA	6143
GAGGCC	6142
TTTACG	6141
CTTTGG	6141
CAGAGC	6134
AGAGCA	6129
ACCGGA	6128
TGGTTA	6127
TCCAGC	6112
GTTATG	6111
GAGAAC	6109
CGCCCC	6106
TAGCCT	6097
TAAAAC	6097
ACCTTC	6094
ACATGG	6084
GCCAAC	6083
AACTCC	6082
GCACGT	6075
CACCGC	6075
AATTGG	6074
GTTCAC	6073
GCCTCG	6071
GGCACA	6067
GCTGCC	6064
AACGTC	6059
ATCCGG	6058
CTAATT	6057
AACGAA	6056
GGGATT	6056
GAGCAC	6055
ACGCGT	6052
CGAACC	6052
AGTTAT	6051
GCCCCA	6047
AAAGTG	6046
GGATTA	6037
TTGGAT	6034
TGTGAT	6033
TAGTCA	6033
GGAAGG	6032
GCGTCA	6029
GATCAG	6025
CTATTA	6025
GTAACC	6023
CTGTTA	6023
ACGCCA	6016
GAGTCA	6012
CTTCAG	6011
TGGTTC	6010
TGCAAT	6006
ACGAGC	6004
GGGAAA	5999
CGAAGG	5995
GATCTC	5993
TATCGA	5987
CTTAGG	5982
ACCAGG	5980
TAAGAA	5975
TCATTG	5975
CTATAA	5969
AAGGCG	5967
GTAGCA	5962
AGGCAA	5957
TGTATT	5952
CAGCGC	5949
TTGGTA	5948
GTCCCA	5946
CACGCG	5945
TCTAAA	5942
CGCCGT	5934
TGCGTT	5933
CGAGCA	5931
ATCGCA	5929
AAGGGG	5929
AAGCCA	5926
GAAATT	5926
CCCGTC	5922
ACTTAT	5914
GAGTTT	5910
CGCCTT	5908
TCAGGG	5906
TAGATT	5892
CATGGG	5890
AGTTGA	5888
ACTTTC	5881
TCCATT	5880
CTCGTT	5878
TACAAT	5876
CGGTAA	5875
AGGTAG	5868
CCAGGT	5864
TATGCC	5858
CCTCGC	5857
TGGAAG	5852
AATTCC	5852
ATACGC	5850
AAGGCC	5846
GGGTAC	5837
TCCATA	5836
GCGCGT	5834
ATTAGT	5834
CCACCG	5833
CCGACT	5831
GCACAC	5828
ATGGAT	5826
CCAAGT	5825
AAGTTT	5821
ACGTGA	5820
GGAGAA	5819
TATACC	5813
TTTGTA	5811
TGGATT	5810
TGCTTT	5809
AGAACA	5809
CGGCCA	5799
TAGTGC	5799
AACGCC	5798
AGTTTA	5795
TCAAGG	5794
TACCCT	5793
TTCGCT	5788
GGATGC	5784
GTTACA	5781
CATCTA	5778
TATTAG	5772
TGGCGT	5770
CCGTGT	5769
GAAACG	5766
GGAACC	5763
TTGACC	5758
GTCGCA	5758
CTCATA	5756
CTTGGG	5749
TTCGAT	5748
GGTATC	5748
GGCCCC	5748
TCTCTA	5741
GTGAAA	5740
TTTTCG	5740
AGGTAC	5738
GCTAAT	5738
CCTAGA	5733
ATGGGT	5727
AGCGTA	5727
CTACAT	5724
GACAGG	5709
GCTCCA	5708
TTACCT	5705
TGAGGG	5703
AAGGAA	5697
CTATAG	5692
CCCGAC	5687
TTGAAC	5686
TCCATG	5683
AAGTCC	5679
TAAGTG	5678
TTGATA	5676
AGCTCC	5675
ATGGCC	5673
TGAACG	5652
AAGGAG	5652
GACACC	5650
ACGGGG	5650
GCTCCC	5646
AACCTT	5644
ACTTGA	5644
AATCGA	5643
TCACGA	5642
GCTTTC	5639
ATTTAC	5637
TATCTA	5637
GTGTGA	5633
TAAAGT	5619
TACCTC	5617
TGTAAA	5613
ACAGTT	5612
CCGAGA	5610
AGCTAC	5593
GTACAC	5593
CTAAGC	5592
TTGCGG	5588
CGTCGT	5587
CTTGTC	5583
CCGATT	5579
TCGGCT	5578
ATAGGG	5576
GCTTAC	5576
GATGCC	5574
TTGGAG	5572
TGTCCA	5567
GCCCTT	5567
AGCTGC	5556
TAATGA	5549
CGTGGA	5547
CGGCAC	5547
TATGTG	5546
CGGCTC	5546
TGCTCC	5543
GTGGAT	5537
ACTTGC	5536
TATTCC	5532
AGCATA	5529
CACGGC	5524
GGATAC	5524
AGCCCA	5520
CACGAG	5519
GAGGAG	5515
GTCTGA	5514
TCGCAG	5513
GCTGCG	5512
TTGATT	5510
GTTGTC	5510
ATCCTA	5507
CTGTGA	5506
AACCGC	5505
TCATGC	5498
TTGGTG	5493
ACGTAT	5491
CGGATT	5488
CCTAAG	5487
CACTTG	5481
ACCCCA	5480
AACGAG	5480
AGGTAA	5477
AAGACA	5476
CAGTGA	5471
TTGTGG	5468
CTGGAC	5465
CTGACA	5465
AGTAAT	5459
ACTGGA	5459
ATGTGA	5448
TTGCCA	5447
ATCTGG	5436
CTATCC	5435
GCAAAG	5430
TCGGTA	5426
ATACAG	5426
CCCCGT	5420
GGCTGT	5418
AGAATA	5411
ATCTCG	5411
GCCCGG	5410
TCCAAC	5410
TAGGAA	5405
TTGCTA	5404
GCTCTA	5403
CCAGAC	5402
TAGATA	5397
AGGGAT	5396
AGAACC	5396
TTACTA	5394
AGCATG	5393
AGTTCC	5392
CCTAAA	5388
TCGTTG	5384
CGAGCG	5379
AGCTTC	5378
CCGCTC	5378
CGCCAC	5374
AGGCCT	5373
TTGCGA	5369
TCATAA	5369
CGAAAC	5366
AGCGCA	5366
GTACTG	5365
GACGAT	5362
TTAAGG	5362
TGTCTT	5357
CACCTA	5354
CCCCCG	5351
CTCAAG	5348
TGGACA	5348
TGCCTT	5348
CGTTGG	5347
CCTGGT	5346
GGCGGT	5345
CCACGT	5343
TAGTCG	5337
GGAGGG	5336
TTTATA	5335
CGCCCT	5332
TTTCAG	5331
AGATAC	5326
AGCGAC	5326
GTACCC	5324
CTAGAC	5320
GGATAT	5317
TGGTCT	5316
GAGGAT	5315
CAAGAC	5312
CGTCTC	5311
GAAGGT	5306
GAAGAC	5306
GTTCGC	5306
ATGGAC	5305
TTACTG	5297
GGGCAT	5297
TGAGAC	5297
CTCCCG	5296
GTGTTC	5296
GTTGCG	5274
ATTACT	5268
CGCTCA	5268
CTACTC	5264
TGGTAG	5263
GATCAA	5251
GTAGGC	5235
TTTGGC	5227
TGACTG	5226
GATAGG	5222
GAAGTA	5220
CGGCGG	5219
TGCTAC	5217
TCGCCA	5212
TTTGCG	5209
TTGAGG	5208
GGTCAC	5206
CTTGAG	5205
TCGCTT	5204
ATGATA	5201
AGTATA	5200
GCACAA	5197
GGAAAT	5196
AGTTCA	5194
CTATGG	5190
AGCCTA	5189
TACATC	5188
TGCCTG	5187
AGATTC	5182
ACTAAC	5168
CAGAGG	5153
TTCCCC	5152
TGAGTA	5148
CGCATC	5142
ATGGGA	5141
GGTGTT	5132
AAGAAT	5132
GAAGGG	5129
GTATTA	5129
GTTAGG	5129
AAGTGC	5127
CCAGTC	5124
GATGGG	5118
TCGACT	5116
ACCTAT	5112
AGGAAT	5104
GACAAC	5097
GGTAGA	5083
AAGACC	5079
CTAAAC	5079
CAGTGG	5078
CGATGT	5071
CGTTAC	5068
ATCCGC	5068
ACGGTA	5066
GTAAAT	5066
TGAGCC	5064
ATTGAT	5057
TAAAAG	5056
CGAAAG	5054
TTAACT	5049
TGCCTA	5049
GAGCCG	5048
ACTGCC	5045
GAAAGC	5045
CCTGTA	5038
GGACAG	5037
CTGTAC	5037
CTTTCG	5036
AGGTTA	5035
GATGAT	5034
AACTAG	5022
CGTGTA	5022
GACGAA	5022
ATCGTG	5009
CAGTGC	5008
ACGGTT	5001
ACGTTA	4985
GTATCG	4984
GGCCCT	4984
GCTTCA	4983
GTTAGA	4981
GCTCGC	4981
TACGCT	4976
AAGTAG	4972
ACTTGG	4971
GTTGGC	4969
GCGTAT	4967
GAAGCT	4967
GAGTGG	4965
TTGTCT	4960
TCGGCG	4959
GCAAGT	4958
CTAACG	4957
GTCCGC	4952
GCTTAG	4946
AAGTGT	4941
GGTCTC	4941
GCGAAC	4937
GATCTA	4937
TTACTC	4935
GCCCAG	4934
CCGTAC	4934
TTCGGC	4930
ACGATG	4920
TATAAA	4914
TCAGTC	4907
GTATCA	4906
GCGTCT	4906
AGGCCG	4903
GCTATG	4902
TTGGCT	4901
CTGAGG	4898
CACCGG	4894
GAATTG	4894
TTATCT	4890
GTATTC	4889
ACTGTG	4886
TCATTA	4886
TGCCCA	4883
CTGGAA	4883
GCATCC	4877
AGGTAT	4876
TCCACG	4874
CGTGCT	4870
CGTCGG	4868
CGCTCG	4866
TATACA	4864
ATGACC	4864
CGTGTT	4858
CCAGTA	4858
TGCAGC	4855
TAAACC	4855
TACCGA	4853
ACCGCA	4848
CGTTCG	4847
ACGAGT	4832
TGCACA	4830
CTCACG	4819
TGTGAC	4816
CGGGGG	4814
ACGAAT	4811
AGGTGC	4809
TTACTT	4805
GACCTA	4804
GTGCTA	4800
AGTTAC	4798
TCGTGA	4796
TACTCA	4795
CGTACA	4792
CGCGGT	4787
CTCCGG	4787
ACGAAG	4784
TTCATA	4782
TGTAGA	4776
TTGAAG	4774
TCAAGC	4774
CTGTCG	4774
CGGCTT	4759
TAAGTT	4756
CAGCTC	4752
ACCTAC	4745
GTCTTA	4743
CTAGGA	4742
GTGTAG	4740
ACCGAA	4739
GCATGC	4736
CGAAGT	4736
TACCTG	4734
CGACAG	4733
GGGTCT	4732
AGAGTG	4730
TAACGC	4728
GTGGTT	4724
ATGCGC	4719
TTACCG	4719
ATATCG	4708
TGTGCC	4705
GGACGA	4700
CTTGTA	4686
GATGGC	4684
GAATTT	4677
TTACAT	4677
GAGGTT	4676
TAATAG	4675
CGAGTA	4674
GGAAGA	4672
GCTCGA	4672
CGTGAA	4670
AGACTG	4666
GTAGAG	4662
CGATGG	4662
CGACGT	4658
GTGACA	4649
CGGTGG	4648
CCTACC	4643
ATGTCC	4643
AGTGAC	4642
GGAAGT	4640
GTGAGC	4640
TTAACG	4633
GGTGTC	4628
ACTATG	4626
GCGTTA	4626
CTCGAT	4620
TGCGAT	4620
CCTCGT	4613
TCACTT	4612
TTCGGG	4611
CGCTTA	4611
TCTGCG	4608
TATAGG	4604
TACACT	4602
TGCGGT	4600
CTACCG	4600
CCTCCG	4599
TTGTGT	4595
TCTATT	4594
TGTCAG	4591
ATACCC	4588
ACTGAG	4585
GGACGG	4576
TGAGGT	4572
ATTCGC	4570
AGGTGT	4563
CTGTAT	4558
ACGACG	4554
TGGAAC	4553
TTTGTG	4552
GCGTGA	4551
CTGAGT	4550
CCGTGC	4547
ACCCAG	4540
TTATCC	4539
CACGGA	4537
TCTTAC	4536
AGTGTA	4535
CCGCCG	4535
GTAGAA	4533
TCAGGC	4532
CTTAAC	4527
GTCCTA	4521
TTAGTG	4519
TGGGAG	4518
AAAGGC	4517
CTGCGC	4516
CTTCTA	4516
CGACCC	4499
GCCGCG	4496
ACCGAT	4494
CTAATC	4491
GACGCG	4488
ACGCGA	4487
CCAACG	4473
CAGCCG	4467
GGCAGT	4465
GAGGAA	4465
TGTGCA	4462
ACGCCT	4461
ACGCCC	4459
CAGGTC	4454
GACCTG	4450
TTGGCG	4447
TTAGCG	4443
AGGACT	4434
CGTTGT	4427
GCACAG	4427
GTATAT	4419
TGTATC	4418
GCAGTG	4417
GGCATA	4412
ACTTCG	4411
GCGATT	4410
GTCCGG	4407
TTACAG	4405
CGGACT	4400
GACTAA	4398
ATATAG	4398
AGGCAC	4393
CGGCGA	4389
TCTAGT	4388
AATCTA	4387
GGCCTA	4386
CGCCGG	4385
TTCGTA	4384
TTAAGA	4378
TTGCCG	4376
AGTGCT	4374
AGATAG	4369
CGGACA	4367
CTACCC	4367
AGTCGT	4365
TCGCCT	4359
GCATGT	4353
TCCTCC	4353
TTGAGC	4349
ACTATA	4344
TCGCGA	4344
GAATAC	4343
GCGGAA	4341
ACCCAC	4335
CCACGC	4330
CTTAGA	4327
CGTCCA	4324
GTAATA	4321
GTGGTC	4318
TCCTCA	4314
TACTTT	4312
CCAGTG	4309
CCAGGG	4309
GTAGCT	4308
ATCGCG	4307
TCCCCC	4305
TACCCC	4298
AATGGG	4295
TCTATA	4293
GCGGTT	4291
TCTATG	4289
CCCCGC	4289
TCGATA	4285
AAGCCG	4284
TAGAGG	4283
CCTATG	4283
GCAATT	4280
CCTATA	4279
GAAGCG	4279
ACCCAA	4275
GGATGG	4274
TGGCTT	4268
GATCCC	4264
TCCCGA	4260
AAGACT	4259
TGTAAC	4257
CGTATC	4255
TCCCCT	4255
ACTACA	4251
CAGTTG	4246
GTTAGC	4242
GAGTTG	4239
TTGCCC	4235
CTTACA	4234
CATCGG	4228
GTGACG	4227
TTGTCA	4221
GGTAAT	4219
TGAGCA	4218
GGCGAT	4218
GGGCAA	4211
CTTATA	4210
TTTGCT	4196
TTGACT	4192
TTTACA	4191
GACTTA	4184
TCACAT	4182
GCGACC	4181
TCCTAC	4179
CAGAGT	4173
GCACCC	4172
TGGTGT	4170
GCGAAA	4168
TGTCGA	4167
TCCCTA	4165
GACTGG	4164
CTAATA	4149
CAGCTG	4139
AGTGCA	4138
TGCCAG	4134
GAGCCC	4129
CGCACG	4121
ATCTAC	4121
GGGTGT	4121
GGTGAA	4121
CCCCGA	4119
ACTACC	4118
GGAGGA	4115
GTACGT	4109
CGATTA	4099
CGGACG	4098
CTATGC	4096
CAGATC	4094
TAGTGA	4090
TGCCCG	4090
CTACTA	4085
TACTCG	4080
TCATCG	4077
GGAGAC	4075
CGGAAC	4064
ACGTGC	4061
TACATA	4059
CACGTC	4053
TATGAA	4053
AACCTA	4052
TTCAGG	4052
TACGCA	4051
TATAAG	4050
TACGTG	4050
CTGAAG	4046
GCTGAC	4042
TGTCCT	4041
GGGTAA	4038
GTAAGA	4032
TTCGTG	4029
TTCACC	4028
GTACAT	4027
CCGATA	4025
CCGCTA	4024
GCGATG	4020
TCACTG	4019
TCACCC	4014
GCTGTC	4009
TTGCGC	4008
CCGACA	4006
TGCGGC	4004
TTATAC	4002
TATGTC	3999
CACCGT	3998
TCCCTC	3998
AAGCCC	3991
TAGCGA	3986
TAGGAG	3986
CCTTAC	3978
GTGAGT	3975
TGCATC	3974
TACGGG	3970
TGCTCG	3968
GGGTGA	3965
CGTAAC	3964
GGGTTC	3964
GGCGCA	3962
TGTGAA	3957
TCCTGT	3951
GGGCCA	3949
CGTCGC	3949
CGGGCT	3947
CATCGA	3940
TTGGAA	3939
CCGGCT	3938
AGTACC	3936
GCGTTC	3930
GTGGTA	3928
GTGTAT	3927
CGGAGT	3925
CTTCGT	3916
GGATGT	3911
TGCTCT	3910
TCGTTC	3904
CGAACT	3903
GATGCG	3902
CTAACA	3901
GGAATG	3897
CAAGTG	3896
GACAGT	3892
GGTAAC	3888
TGAAGT	3884
CCAGGA	3883
GAGACT	3882
CAGTAC	3877
GATACG	3870
CTAACT	3866
TATAGT	3861
ATGATC	3859
ACTGTC	3858
TGTCGT	3857
GTTAGT	3854
TGGGTT	3853
GTGACC	3851
CCGTGG	3847
GCGAGC	3844
CCTTCG	3841
TTTCCC	3839
GGCGGA	3834
CGACGA	3830
TAAGGC	3825
CGAGAG	3817
TCTGGA	3816
TAGCTC	3816
TAAGGT	3815
GTGAAC	3810
TGAACT	3809
ACGTAA	3809
CCGTTA	3798
TCTACA	3796
TCGTGC	3796
AACGAC	3789
ACGACA	3787
CGAATA	3780
CAGACG	3779
AGTCTA	3775
CGTCTA	3767
CACTAG	3765
CCGACC	3764
GAGTGC	3759
ACGATA	3757
ACCTTA	3753
TAGGTC	3753
ATGGGC	3751
AGGGGT	3746
AGTGAT	3744
TCAGTT	3744
TGCTGT	3743
AGCACG	3743
CGCTGG	3741
CCGGTT	3738
GACCGA	3736
ACGCTA	3733
TTCACA	3727
CGAATC	3723
ACTTGT	3718
GTGTCC	3712
CGCACC	3709
ATCGGC	3706
CAACGA	3700
GCGCAA	3700
GATTAC	3700
TTAGTC	3692
TTGTGC	3690
TCGCAA	3689
GTTTAG	3688
TCAGTG	3688
CTGTGG	3686
CCCACG	3684
CGTGTC	3684
CATCCG	3683
CGATTG	3677
CTTCGA	3674
TGTGTT	3670
GCGTCC	3662
TAAGGA	3655
GCAACC	3651
GTGTCA	3650
ACGGAG	3645
GTCGAG	3644
CTAGTT	3642
ACTTAC	3641
TTATGA	3637
GGGACA	3637
GTCTGG	3636
TACAGG	3630
AAGGGT	3627
GTTACC	3623
TCAAGT	3622
CGGTAG	3615
AATGCG	3614
GCCACG	3610
CTGGGT	3609
TCAGCT	3609
CCTAGT	3608
GCCGGT	3605
GTAATG	3603
GAATCC	3603
AGGCTA	3602
GTGAAT	3601
AGGGAA	3600
TCAGGT	3599
GTTCTA	3594
CCGGAG	3586
TACTTG	3583
AGGATT	3581
TCGTTT	3579
TCGCTG	3578
CTGGGA	3577
TCTGGC	3574
GTGTAC	3572
GAAAGT	3567
TTGGCA	3567
CTATAT	3565
TAGACG	3564
CCGACG	3563
GCGCGG	3559
GAGCTG	3559
GGTACT	3559
GCGGTC	3558
GAGGTG	3557
TGTTCG	3556
AGACGC	3549
TGTGCT	3546
AGTANN	3541
AGTGAA	3541
TTCGTC	3539
GCTGAG	3533
ATCGCT	3530
ACGTGG	3528
GGTGGA	3527
GGTACA	3527
GTGAGG	3526
GTAGGA	3522
TGCAGT	3522
GATCCG	3517
TAGTTA	3516
GGTCCC	3512
TGGTAC	3510
GCCCCG	3510
GGAGCT	3506
GATATA	3502
GGCCAA	3494
CGATTC	3493
TGTCCC	3493
TTTCGA	3491
GGGCAG	3490
CTCGGA	3486
CCGAAA	3484
ACGGGA	3484
TTAGCT	3482
AGCACT	3478
TATGTA	3474
AGCGAG	3468
CTTAGT	3467
CGGTGT	3467
AGCCGA	3466
CCCCGG	3465
AAGGTT	3459
AGGGCT	3456
GTTGTA	3456
TACACA	3455
GTCGTG	3454
CGGTTT	3454
ACTCGC	3450
ACTAAT	3445
CCGTGA	3432
GTAGTC	3431
CCGCGC	3429
TGAAGC	3428
GTGTGG	3427
CGTTAG	3426
GCCCAC	3426
TCGCCG	3411
ACGTAC	3409
CCTATC	3408
CGACTC	3404
CCGGGC	3402
TGCACT	3400
TAGATG	3396
TCGTCC	3394
CGTGCG	3388
GGTGAG	3385
TTTCGC	3383
GGCACT	3381
ACCTGG	3379
CGCGAA	3378
GTACAG	3377
GTGAAG	3375
TTAGTT	3373
TGCGTA	3366
CGTAAT	3356
TCCCCA	3354
CGGGTA	3349
TCGTCG	3346
CGCGCT	3342
CCAAGG	3339
GTGGAC	3335
GCGTCG	3334
TGGATA	3334
ACCCGA	3332
TAAGTA	3330
CTAGCA	3327
CCGAGG	3325
TCTGTG	3324
TGCGCG	3323
CGCGCA	3322
TTCGGA	3322
ACGATT	3320
ACCCGG	3319
TAGGCG	3315
CTGATC	3312
TTTGGG	3312
TTACCC	3312
CGACCT	3307
TTACGA	3301
CCTTGG	3291
CGACAT	3285
CACCCG	3282
TTAGGA	3281
TACGCG	3277
AAGTAC	3277
GAGATC	3274
GCTGGG	3274
GTAAGC	3272
GGAGTA	3269
AAGGGA	3267
GGTGGG	3262
TAGGTG	3261
TCTACC	3261
GCGATA	3260
TATATA	3253
TCATAT	3250
TAGTCC	3248
TGATAG	3248
CCTGGC	3243
TCAGCC	3242
GTACAA	3239
CCTCGA	3238
AGTTCT	3235
TGCACG	3234
GCGAAT	3234
TAGCCC	3227
GCGTGC	3227
TGGACC	3227
AGAGTT	3226
AGGCGT	3225
GAGTTC	3221
GGACCC	3216
ATGACT	3214
GGGGTT	3210
TCTGTA	3206
TGGCCG	3205
AGGACA	3202
TGCGAC	3197
ATGGAG	3189
TGGAGT	3185
GCTGTG	3184
TCGCCC	3179
CACGAT	3178
AAGTCG	3177
AGTACA	3176
ATGTAC	3168
TATGCT	3163
TAGTGG	3162
TAAATG	3158
CAGGGG	3158
CAGCTA	3155
CGTGAG	3150
TGTGAG	3145
GAGACC	3141
ATCGAG	3140
ACGGTG	3140
AGATCA	3137
CGTCCG	3137
GGGTAG	3135
TCCAGA	3134
GTAGTG	3132
AGCGGA	3132
GGTGCC	3131
TCGAAA	3131
TATTCG	3130
GCCGGG	3129
TCGCTA	3128
AAGTTC	3124
CTAGGG	3121
TTGAAA	3117
ACGAGG	3116
ACCTAG	3112
GCAAAC	3109
CGATAT	3108
GCGCCC	3108
CGGTGA	3102
TGTGTC	3099
GTACTC	3095
GCGAGT	3095
CGGATG	3092
AATTCG	3081
TCCCAT	3077
CTTCGC	3071
TTTGCC	3071
CTCGAG	3056
AGCCGG	3050
CCTGGA	3042
CGTCGA	3039
GCACGC	3034
CTGCGA	3024
ATTGGA	3017
TGCACC	3016
GGGTAT	3015
TCACTA	3015
CTGGGC	3014
CCCGTT	3013
AGGCCC	3010
TCGGTT	3010
GTCTCG	3000
TATGAG	2998
CGATCA	2992
CCGTCG	2990
GATTCG	2990
TGGCCA	2987
TACGGA	2979
CTTAGC	2976
CTATAC	2971
GTGCAA	2952
ACTAAG	2951
ATCCGA	2944
GTTACG	2936
ATGCGT	2935
GGGTGG	2927
TCACTC	2924
TACTAC	2923
GACGGG	2922
AGACTA	2922
GACCCG	2920
TATCCG	2918
TTCCCG	2914
CGACTA	2913
TTATAA	2913
GGCTGA	2912
CGAAAT	2908
GAGTCC	2900
TAAGCG	2898
GCGACA	2896
GAGGTA	2885
GCACTC	2878
GAGCTA	2877
TCCCTT	2877
CCGGTG	2877
CCACGA	2875
GATTCC	2872
GCCCAA	2868
AGTCCC	2862
GCGCTC	2858
GTCGGA	2848
GAGCAA	2844
TTGCAC	2838
TCGGGG	2838
AGGACC	2834
GCGACT	2834
ACGGGT	2824
GAGTAG	2821
ACGTCT	2818
CGACAC	2816
ATCGGA	2808
CTCGTA	2805
ACGCGC	2802
GCTAAC	2801
ACCTCG	2798
GGATCT	2795
TGTACA	2793
TGTGTA	2790
TCTAAC	2787
GTCGAA	2787
GCGCAG	2787
TACAGC	2786
GTAACT	2785
TACTCC	2775
TCTTAG	2772
GCTATC	2772
GGCCCA	2771
CACCGA	2767
AGTTTC	2764
TCAACT	2761
ACGTGT	2756
GCACGA	2751
TACGAC	2748
GCACTA	2748
TCGACG	2747
ATTCGA	2744
TCCTTA	2744
AGGGCA	2742
CTCGAA	2741
TGAAAG	2741
AGACCG	2738
CACGGT	2736
GGGTCA	2729
TCCCAG	2726
TAGCTG	2722
GGCTCC	2715
TCCTCG	2712
GTACCG	2712
GTTGGG	2708
GAATAG	2708
GGCTTA	2699
CTAAGA	2695
GTAACG	2684
TAGCGC	2682
TGTACT	2677
CCGATG	2676
GGAGTC	2671
GCGAGG	2670
GGTCGA	2669
GCGGTG	2667
CAAGGG	2661
CCGAGC	2659
AAGCTT	2658
CCTGGG	2656
TGAGTG	2648
TGGCTC	2647
GTCGCG	2647
TGAGAG	2645
GATGTC	2644
GGAGGT	2634
GAGGGC	2632
GCCCGT	2627
CCGGGG	2622
GTTTCG	2617
TAAGAT	2615
GCGCCG	2608
TGATAC	2601
CCCGGG	2597
TCCGCG	2596
TCGTTA	2595
CGAACG	2591
ACGTCC	2584
TAGAAG	2573
AGTCGA	2567
TTCGCG	2564
CGCACT	2564
GCCGGC	2562
GCGACG	2559
TAGAGT	2558
TTGTGA	2553
CCGGAA	2553
TGCCTC	2552
CGTAAG	2551
CCCGCG	2541
TGATCA	2531
CGGGAC	2525
GGAATA	2521
AGATCT	2511
GCGGGA	2506
TGTACC	2505
GATCNN	2503
GTATGA	2497
TGGGCC	2493
GGGGAC	2486
CGGCCG	2485
GGGCTA	2483
CCCGGT	2482
TCGGGT	2479
CTAGTC	2473
GTCCCG	2469
CTAGTG	2467
TCCAGT	2465
CTGCGG	2463
AACCCG	2460
ACGGAT	2458
GAAACT	2454
AGGTCG	2448
TTGTCC	2447
GCGGCC	2445
GGTAGT	2435
ACCGGT	2429
GCGTAA	2426
CCTAGC	2425
AGGTCA	2421
GCACTG	2420
GAGGGG	2415
TGCGCC	2413
CTACGC	2413
GGTGTA	2410
GTTCGA	2409
CTTACG	2407
TCGTAA	2406
CTGGAT	2404
TTACGG	2389
CTCCGA	2380
AGTACT	2377
CGTAGC	2376
CCGGTC	2368
CTAGAA	2368
GCTCCG	2365
ACCCCG	2359
AGCTCG	2354
TGTAAG	2353
GAGTCG	2342
GCGCTG	2340
AGACGT	2339
GAGCTC	2339
TGTAGT	2331
TACCCG	2328
TTACGC	2325
GTAGTT	2315
GCCAGG	2311
TGGCCC	2308
GGGGTA	2306
ACTGGG	2302
CCCGGA	2302
CGCCCA	2298
TGCGCA	2296
TACGCC	2295
GTGTAA	2293
TCGAAG	2289
GGGATC	2287
AAGGGC	2285
GGATCA	2285
ACTAGT	2283
TGGAGC	2279
GTACTA	2277
GGCACC	2277
ACCGTG	2270
CGGATA	2269
CCGAAC	2268
TTGCTC	2264
ACTAGC	2260
GGGAAC	2247
CGAATT	2231
TCACAG	2230
GCGCGA	2227
GTAGGG	2222
GTAGAC	2221
TCGTGG	2220
AGATCC	2219
CTAGCT	2216
GTGGAG	2210
TCGAGA	2210
ACTTAG	2207
TGTATA	2206
TATAGC	2206
ACGATC	2204
TCCGCT	2197
GGCTAC	2197
TGCCCT	2196
NGTGGA	2196
CCTTAG	2188
GGTCCG	2183
CTAAGT	2182
GGCGAA	2181
GGCTAT	2179
ACCACG	2176
AGCCCG	2175
ACGACT	2174
ATAGNN	2166
TCGCGC	2164
AGTGCG	2162
GCACCG	2156
CCTACG	2151
TGTCCG	2140
TGTTAG	2138
TACGGT	2138
GTAGCC	2137
TCGAGG	2136
GTGGTG	2130
TCCGGC	2129
TAGATC	2126
TACAGA	2122
TCATGT	2122
ATGGGG	2108
CCGATC	2108
TTAGGT	2104
TTGGGT	2102
CCCGAG	2099
GTAAGG	2095
GGATCC	2087
TTCGAC	2079
TAGAAC	2075
AAACNN	2075
TACATT	2071
ATGCGA	2066
AGAACT	2052
TTGGCC	2036
TGAGCG	2029
CTAGAG	2026
CCCGAT	2025
ACCGTT	2025
GGGATA	2020
GGATTC	2018
GCCCGC	2012
GCGGAG	2010
CGTAGT	2007
NATTAT	2007
GCCTGG	2006
TTGTCG	2002
TGGAAT	1999
GGGACT	1998
TCCGCC	1995
TCCCAC	1992
TCCCCG	1987
CGCCTA	1981
GTGGAA	1978
ACTCGA	1977
GTCCGA	1972
TAGACT	1972
AGCTAG	1968
ACCGAG	1955
GATGAC	1953
AACTCG	1951
TCCGCA	1949
TCGAGC	1943
TAAGGG	1939
CTACGT	1925
GTGGGT	1920
TCTACG	1911
CGCGAC	1910
ACGTCG	1907
TACCTA	1904
GCGGGT	1899
CGGGAA	1898
GCGTGG	1895
GGAACT	1890
ACCCGT	1885
TCTAAG	1878
CCGTAG	1875
GACACG	1873
GTAAGT	1868
CGGGGT	1868
TCCACA	1868
GGCCGA	1866
TCCGTG	1862
TAGCCG	1859
TCTCNN	1856
GACGGA	1855
CGGATC	1852
GGATAG	1850
TCCCTG	1849
GCGCAC	1848
TAACTA	1845
ACCCGC	1840
TGTACG	1838
CCGGGT	1834
TGATCT	1823
TTGTAC	1822
GCGGGC	1820
TTGATC	1818
TTAGAA	1817
GCATCG	1815
AATANN	1804
GGGAAT	1797
TGCCCC	1795
GTATAC	1793
TAGGCC	1793
CTGGGG	1789
TCGATT	1784
CCTAGG	1772
TGCGAG	1772
ATCGAT	1772
CGCTAT	1760
GCTATA	1759
CTCGGG	1757
ACTACG	1755
CCGCGA	1751
TCCACC	1747
TGCGGG	1739
CGACCG	1735
TCTGAG	1726
GCGATC	1724
TCGACC	1724
GGCCCG	1715
CGGGTT	1713
TACTTA	1696
TCGTGT	1690
TTCCNN	1688
TAGGTT	1676
TATGGG	1668
GACTAG	1666
TAGGCT	1665
GTCGAT	1663
GAGGAC	1663
CTAGAT	1661
CTAAGG	1656
CGAATG	1647
TAAGAC	1647
TACATG	1640
TGTGCG	1639
GGACCG	1634
ATCGAC	1625
TACCCA	1623
GCATAG	1620
ACGGGC	1618
CGGCTA	1605
CACGGG	1602
TAGGTA	1600
AGCGGG	1597
GCCTAG	1594
GAGGTC	1588
AGCGCG	1586
TTGTAA	1585
TGCGCT	1583
TACAAC	1581
TGAACC	1580
TGGGCT	1577
CGTATA	1573
TTACAC	1572
AGAATT	1563
CGATAG	1558
GGATCG	1558
TACTGG	1555
GTATAG	1550
TCTATC	1547
GTGGGA	1544
CCGAGT	1543
TGATCC	1543
CGTGGT	1538
TGGATC	1537
TACACC	1515
GCGGGG	1511
NGGAGG	1510
CGCCCG	1484
CCGGGA	1482
AGGCGA	1482
TCGCTC	1480
GCGTAG	1478
TAAGCC	1476
GGGACC	1473
GCTAGT	1465
CTACGG	1449
GTGGGC	1449
GTGCGG	1448
GGGAGT	1444
AACGGG	1438
TCCCGC	1418
CTAGCG	1417
TGGGNN	1416
TCGAAT	1415
TCCGAG	1414
GTCGGT	1412
GTCANN	1409
GAGTTA	1408
GACCGG	1406
GGAATC	1405
GTGGGG	1405
GGTGAC	1404
NATAGA	1401
CTAGGT	1392
GTCGAC	1384
CGTGGG	1373
CGAGTT	1367
GGCTCG	1366
GCGCTA	1361
GAGACG	1357
TCTAGA	1357
GACGTG	1357
TTAGAT	1356
TAGGGC	1353
TGGACG	1350
CCGGTA	1339
ACCGAC	1338
GGTACC	1321
CGGAAT	1298
TCAGAG	1294
GCTAGC	1290
CTACGA	1288
TCCAAT	1263
ACCGGG	1262
ACGTAG	1262
TCCTAT	1257
TCAATG	1248
TCCGAT	1243
TGCCGG	1240
ACCGGC	1233
TCAATT	1230
CGACGG	1223
TCCGAA	1222
CAATNN	1221
TAGTNN	1209
TATACG	1194
GGCGGG	1193
TCATAC	1191
TCCGTC	1186
TCGACA	1181
TCACCG	1173
TACAAG	1162
AACTNN	1160
CGCTAG	1145
TTAGGC	1145
GGAGCC	1138
GGCCGG	1138
TACGAT	1134
GCACGG	1124
GTGTCG	1123
GCTAGG	1119
GCCCGA	1115
CGCANN	1094
GTGCGA	1090
ACAANN	1080
TCTAGC	1076
TTGGGC	1028
NCTCAT	1011
CTCGNN	1009
GTTCGG	998
TCGTAG	995
NATGCA	984
TAGCTA	980
ACAGNN	977
TCCAGG	974
GGAACG	962
TCCTGG	954
NGTTCC	953
AGCGCT	934
TAGGGG	933
TGATCG	928
ATCGGG	926
TTCGCA	921
GAGTAC	912
AGCCNN	910
GCTAAG	880
GCTACG	858
GCGAAG	852
GTACGA	833
GCAGNN	823
CCCTNN	811
NTTCCT	800
TCCGGA	795
TACCGG	793
ACTCNN	785
CCATNN	777
ATCANN	764
GGTTNN	754
TGTGGN	741
TCGATC	738
TCGATG	734
TATCNN	732
TGACNN	726
GAGANN	721
TGCGAA	696
AGGAGN	655
TCTTNN	651
TTCTNN	650
TATTAN	645
NTCAGA	640
TAATNN	638
GCCGNN	610
CGGTNN	597
TCGAGT	595
CCGCNN	560
AGNAGN	558
GAACNN	554
NAGCGT	546
GACTNN	539
NGTGTC	539
TTTANN	530
NTTTTG	528
ATTCNN	519
TTCGAA	514
CAGGNN	502
GATAGN	466
GGACNN	455
AGGGNN	417
NCAGCT	414
GANCGN	410
TACGTC	410
GTGCNN	396
AANCGN	394
NTCTCT	376
CGAGNN	376
NACACA	373
TCCGGG	362
CGCGNN	362
AANATN	351
TGTGNN	339
NGGTTG	338
CGTTCN	332
CCTCAN	332
TNTGGA	331
TTNCGN	322
NGTCGC	314
NCGCGG	311
TATTNN	304
ATGTNN	304
NTGCGT	304
TACGTA	298
NATATT	294
TACGAG	292
TANTAN	286
GTNATN	285
GAGCGN	281
NATCGG	271
NCTGAC	271
TCNCGN	270
AGGANN	270
GTTCCN	264
TNTTAT	261
ANGAGG	258
CATGCN	257
AANTGN	248
NTAGTT	245
NCAGCA	245
NTCTCC	245
NTCATT	244
GATANN	235
TGNGGN	231
NCGAGA	225
NAGATC	225
CATANN	222
NAATTT	219
TACGGC	217
GGGCNN	216
GANAGN	212
NTCACC	208
GNTAGA	208
TTGCGN	204
NGAGAT	204
ATNGTN	202
NATCAT	201
NTGGTA	197
CCTCNN	196
NAGCGG	192
NAAAAA	191
ACNAGN	191
NGGAGA	190
NAACAA	189
CANTCN	188
CATGNN	188
TCGCGN	184
NAACGT	182
CGNAGN	181
NAAAGA	181
NTCAAC	178
NTGGCC	176
NATCAA	175
ATNAAN	174
NGTGCG	174
NGAGGA	174
NAATAT	174
NACTAT	173
NCCTCT	172
NAAGCA	171
NGGCAT	171
NTTCTG	169
NGGGGC	168
CTCANN	168
NTCTGT	168
NAAACA	167
NTCAAT	166
GTGATN	166
AAGCGN	166
NATAAC	165
NTCGCT	164
ATGGTN	164
AAGATN	164
AGTGTN	163
NTCCCT	163
NTGATC	162
NTCCCC	162
NATAAA	162
NCTTTT	160
NTTCCA	158
TCGGNN	156
NGACAT	155
NATCAG	154
NTCCTT	154
NAATCA	154
NAAAAG	154
NATTGT	154
NAATCT	154
CGTTNN	152
NAACAT	150
NGGGGG	150
NACCAT	150
CTCAGN	149
ATTTTN	148
NCAGGT	148
NGTTTT	148
NCTGCA	148
CTNGCN	145
NCAGCC	145
NACTGT	144
NATCTT	143
GGGGNN	142
NAACAG	141
NAGTGA	141
NATCCT	141
NAATGC	141
NTCTTT	140
NACAGA	139
NTAGCA	139
NCACAC	139
NATATG	139
NATATA	139
AAGTGN	138
NTAATA	137
NCGCTT	137
NATTTC	136
NTGAAT	136
GGGTTN	135
NCAGAA	135
NAACGA	135
AAAAGN	134
NATTTT	133
NTCAGT	132
NACTCA	132
NACTGC	131
NCTCTC	130
NCATCT	130
NAACCT	129
NGCAGG	129
NATAGT	129
NTCTTG	128
NTCCAT	128
CNTCAT	128
NCGTCT	128
NTCTGC	127
NATTTG	127
NAATAA	127
NGTTGG	127
NGAAAA	126
NAAATG	126
NATTCA	125
NATACA	125
NTGAAA	125
NATTCT	125
NAATGA	124
NAGCAC	124
NTTCAG	124
NCTCGT	124
CGGAGN	123
NAGTCG	122
NCTCCT	122
NATACC	122
ATTTNN	122
AGNCAN	121
NTCCTG	121
NAGCCA	121
NATGTT	121
NATGCT	121
CTCTNN	120
NACGCA	120
NAGAAA	119
NAATTA	119
CCNTAN	119
NCCTTT	119
NTTTGT	119
AGGCAN	118
NCGGAT	118
NCATAA	118
NCCTCC	118
NTCATG	118
CTGGCN	118
NACCAG	118
NATCTC	118
TGTGNA	117
NCATCA	117
NAATGG	117
CANGCN	117
NAGGCT	116
GNTCCT	116
NTTATG	116
NACTTT	115
NCAAAT	115
NTTCGT	115
NTTTCT	115
NTCTAT	115
NTTCTT	115
NTAGTC	114
NTCCTC	114
NATTAA	114
CAGTCN	113
NTCATA	113
NGTCTG	113
NACCAA	113
NAAAGG	112
NAAGAA	112
NAATGT	112
NACAAA	111
NAAAAT	111
NTCAGC	111
NATTGC	111
NGCGGA	110
NGTTGA	109
NTATTT	109
CNTTCC	109
NAACAC	109
CCNTTN	109
NGGGGT	109
NTTATT	109
TANTTN	109
NAACTG	109
NGTGGG	108
TTNTAN	108
NTTTAT	108
TGNCAN	108
NCTCTG	107
NACATA	107
NGTCGG	107
NTGTGT	107
GCNGAN	107
NATAGG	107
NAAAAC	107
NACTCC	107
NCCTAT	106
NCATTA	106
NTCTTC	106
NTTCAA	106
NATGAA	106
NTAGTG	106
NTTTGA	106
GTTCNN	106
CACACN	105
NATAAT	104
NCATTC	104
AAATNN	104
NCCGTT	103
GGCANN	103
NCGTTT	103
TANCAN	103
NTTTTT	103
NCACAT	103
NAGCAT	102
NGCATT	102
NTCGTC	102
NAACCC	102
NGCAAT	102
NATCTG	102
NTCACT	101
NTTTAG	101
NAATTG	101
NTTTCC	101
NATGGC	100
TATTNT	100
NCATTG	100
ACGAGN	100
NCAACA	100
NCAAAA	100
NTCGTT	99
NCCCAT	99
NTTAAA	99
NTTGGT	99
AAAANN	99
NAATCC	98
NGGTCT	98
NGCAGT	98
NAAATA	98
NGTCAA	98
NCTTTA	98
NATGGT	98
NATTTA	97
NATCCA	97
NAGTCT	97
NTTTTC	96
ACGGCN	96
NAAAGC	96
NGTTTA	96
NTGTTT	96
NCCTCA	96
NGCAGC	96
NACTAA	96
NTTATC	95
NACTGG	95
NACATC	95
NTTCAT	95
CTCTCN	95
GGTCGN	95
NTAAAG	94
NGTTAA	94
NAAGAT	94
NCTTCC	94
CCNCAN	94
NCTTGC	94
NCTTTG	94
NTTGCT	94
ATAANN	93
NAACGC	93
NTGTAG	93
NGTTGT	93
NCCAAA	93
NAATAG	93
NGATAA	92
NTAAAA	92
ATGAAN	92
NATAGC	92
NAAATC	92
NACCCT	92
NTTTTA	92
NGATTG	91
NCGGCG	91
CCGTAN	91
NTAGAT	90
AGTGNN	90
NCACCA	90
NTTGCA	90
NTTGAC	90
NCAATA	90
NGCTTT	90
NTGCTT	90
NTCAAG	90
NGAAAC	90
NCTCCA	90
NTTAAC	89
NCCTTC	89
NGACAG	89
NTATCA	89
ACNGCN	89
NTATTG	88
GANCCN	88
NGAGAG	88
NCCATC	88
NAGTTT	88
NTCTGA	88
NAAGCT	87
NTCACA	87
NATAAG	87
NAACTC	87
NGTTTC	87
NGTGTG	87
NATTGA	86
GGTCNN	86
NCCTGA	86
NATCCC	86
GAGCNN	86
NAGAAG	86
NAAGCG	86
NGGCAA	86
GGTGCN	85
NGACCA	85
GTCTNN	85
NAAACC	84
NCACTT	84
NCCAGC	84
NCCTGC	84
NCCATA	84
AGAAGN	84
NAAATT	84
NATTAC	84
NTTTAA	84
NTATAT	84
NTCGCA	83
NGCTTG	83
GTNCCN	83
NGAAGA	83
NGTGGT	83
NGTCAG	83
ACNCTN	82
NATGAT	82
NTCCGG	82
NATGAG	82
NTGTCT	82
NCATGA	82
NTATTA	81
NTCCAA	81
NTTAAG	81
NCAAGG	81
NTGCCG	81
NGTGGC	81
NTTTGC	81
NTAGCC	81
NGTAGT	80
NAGCAA	80
NGAAGG	80
NTATCT	80
NTCTAA	80
NACCTT	80
NAACTT	80
NCCCCC	80
NGATTT	80
NCAGGA	80
NCCAGA	80
NCCATT	80
NACATT	80
CCTTNN	80
NATTAG	79
TCGTCN	79
NCACCT	79
NAATAC	79
NACACT	79
NTTGAA	79
NGGCTT	79
NAGACA	79
NGAAGC	78
NTCAGG	78
NGTAGA	78
NTAGAA	78
NCTGAT	78
TCTGNN	78
NTTTGG	78
NTAGGA	78
GANTCN	77
ANTGTC	77
NTAACC	77
NCTCTA	77
NAAGAG	77
GGNTTN	77
NAAACG	77
NTTCCC	77
CNTGCA	77
NACCAC	77
NCTGTT	77
NTTGGA	77
NCAAGC	77
NGGTCA	76
TCNTCN	76
NGCGTC	76
NCTTCA	76
ANTTTG	76
AGGANG	76
NCTCAA	76
NGTTAT	76
NGCTGC	76
NACAAC	76
NGTTCT	76
NAAGGA	76
NGTTGC	75
NCATGT	75
CAAANN	75
NGTATG	75
NGTAGC	75
NTCCAC	75
TGGCAN	75
NCAGTA	75
NAGAGT	75
NTTGTT	75
NACTTC	75
GCGGTN	75
NAAAGT	74
AGAANN	74
NAGAGC	74
ATNTTN	74
NTAAGC	74
NAAACT	74
NGCCAC	74
NGTTCA	74
NGAACA	74
NGTAGN	74
NTCGGT	73
NATGTG	73
NATTGG	73
NCCATG	73
AAGANN	73
NCCCAA	73
NCAAAC	73
GATTNN	73
NTAATC	72
TCTGAN	72
NTTGAT	72
NCATAC	72
NAGTGT	72
NCTAAA	72
GGGTNN	72
NTTGAG	72
NACCCA	72
NGCTGG	72
NGATAT	72
NCACTC	72
NTGATG	72
NTTAGC	72
TTNAAN	72
NTTAGT	72
NGTATT	71
CGNTCN	71
NTCTAC	71
NGCTTA	71
GCGGAN	71
NGGGTG	71
NCATAT	71
NCATCC	71
NTATGG	70
NCTTAT	70
GAAANN	70
AAATGN	70
NGCAAA	70
NGAGAA	70
NCTGCT	70
NTAAGA	70
NACAGC	70
NCTCAC	70
NAGAAT	70
NTTACT	69
NTGCTG	69
NCAGAC	69
NCTGGT	69
NCAATC	69
NGGGAT	69
NGAGGG	69
NGATGA	69
ACGCTN	69
NCAGAG	69
NTTGCC	69
ATGGNN	69
NCTTAA	69
NGAATG	69
NTCCAG	68
NGGCGT	68
NAGGAT	68
NAGTCA	68
NCTAGA	68
CTTTNN	68
NGACGG	68
NGCTGA	68
NATGTC	68
NCATGC	68
NATGGA	68
NACGTT	68
NAACCG	67
NAGTAA	67
NAGGTA	67
NGTAAA	67
NAAGGT	67
ATNCCN	67
NTCTTA	67
NTTTAC	67
NCAAAG	67
NTCTCA	67
ATATNN	67
NCAAGT	66
CCGTTN	66
NAAGTG	66
NACATG	66
AGCANN	66
TTTTNN	66
NTGCCA	66
NGGTGC	66
NAGTTC	66
NTACGT	66
NATGCC	66
NTACAA	66
NGCCTT	65
NCCTAC	65
NGAAAG	65
NGCCAG	65
NATGAC	65
NTAATT	65
CATTNN	65
NTTGTA	65
NGGTTT	65
NTATGT	65
NCCAAC	65
CACANN	65
CAGTNN	65
NACAAT	64
ANAAGG	64
NTGGCT	64
NTGGTT	64
NTTCGG	64
NCTTGG	64
NACAGG	64
NTTCAC	64
NATCGC	64
NGCAAC	64
GATTGN	64
GTTTNN	64
NAGAGG	64
ANAAAA	63
NTATGC	63
NGCGTA	63
NGCTCC	63
NTAAAT	63
TTGCNN	63
TAGCAN	63
NCTGAA	63
NCTAAT	63
NTAGAC	63
NGATGC	63
NGTCAT	63
NTTCTC	63
NAGCAG	62
NGACAC	62
NGAAGT	62
NAGCTT	62
NTCTGG	62
NCAGTT	62
AGCAGN	62
TTGTAN	62
NAGATT	62
NCCGCC	62
NGCCAA	62
AACANN	62
AAAGNN	62
NAAGTT	62
NGATGT	62
AATGNN	61
AATCNN	61
NGATTA	61
CGTTNC	61
NTCACG	61
NTGTAT	61
NAGGAA	61
NTGCAA	61
CAAGNN	60
NCAATT	60
NGGAAG	60
NGGCGG	60
NTGCAT	60
NTTAGG	60
NCCACA	60
GGGCTN	60
ATTGNN	60
NAGGCC	60
NGACTG	60
NCCCTC	60
NCCGTC	59
NTAAAC	59
NCAGGC	59
NTATAA	59
TAGTTN	59
NGGAAA	59
NTCCCA	59
NCGGTA	59
NCGTAA	59
GCNGTN	59
AATTNN	59
NTACTG	59
NCTATT	58
NGCATA	58
NAAGTC	58
CATCNN	58
NGCTAA	58
NATACG	58
NTTATA	58
NCCTTG	58
ATGANN	57
NGAAAT	57
NTAGGT	57
NTACCT	57
NACCTC	57
NCCTGT	57
ACATNN	57
CCTCNT	57
NGACGA	57
NACCTG	57
ATAAAN	57
NATCGA	57
AAAGGN	57
ANAGCT	56
GATANA	56
NGGTAT	56
NCACAA	56
NTCGAC	56
CTCCNN	56
NGTCCT	56
NGAGCT	56
ATCTNN	55
CACTNN	55
NTTGTC	55
TTCTGN	55
NGGTTA	55
TTGAAN	55
NAGACT	55
NTAACA	55
GGTGNN	55
NAGTAG	55
NGCGGC	55
TGAGGN	55
TAATAN	55
NCTTTC	55
NCTCAG	55
NGGGAG	55
NTCTCG	55
NAGCCT	55
NGTCGT	55
NGCATC	55
NGCCGT	55
NTGCAG	55
NTTTCA	54
NATGTA	54
NCCCTT	54
NCGTCA	54
NTGTTA	54
NCCACC	54
NTGGCA	54
NCTACT	54
NGCGTT	54
NTGATT	54
NTGATA	54
NCACGT	54
CTGGNN	54
CGGGGN	54
NTACCA	54
TNGCGT	53
NAGGGT	53
NCCAAT	53
NGTCTC	53
NTAGCT	53
NTAGGG	53
NTTAGA	53
NCATGG	53
NGGGCT	53
NGGGTT	53
AAAAAN	53
NTTACC	53
AAGCNN	53
ATTANN	53
NGACTC	52
NTAATG	52
NGAACG	52
NTGAGA	52
NTGACG	52
NCTGTA	52
NACAAG	52
TTTCNN	52
NCAGTG	52
ACAGGN	52
CAACNN	52
NGTCTT	52
AANAGN	52
NGACGC	52
NGGCTG	52
NCTCCC	52
GTCAAN	52
CCAANN	51
NACAGT	51
NAGGGA	51
GATGNN	51
NGCTCA	51
NATTCC	51
CATGNA	51
NCTTGA	51
NGGTAA	51
GAGCCN	51
CCCCAN	51
NACGGT	51
NCTAGG	51
NTTGCG	50
NTATTC	50
GCTTNN	50
NGAGGT	50
ANTATT	50
NGCTCT	50
ANTAGT	50
NTCCTA	50
CCCCCN	50
GAAAAN	50
NGCTTC	50
NGCCTC	50
ATAGCN	50
NGCATG	50
NGATGG	50
NCAATG	50
NCCCCT	50
ATACNN	50
AATAAN	49
CCACNN	49
NTGGTG	49
NCTGCG	49
NCTGGC	49
TCATNN	49
GGNCTN	49
NTCGTA	49
NTTGGC	49
GTTGNN	49
ATAGAN	49
NTACGG	49
CTCCCN	49
NCAACG	49
GAATNN	49
TGCGGN	49
NGCCTG	49
NAAGGG	49
CTCACN	49
GAAGAN	49
NTGCCC	49
NTTGTG	48
ATAGGN	48
GTAATN	48
NACGAA	48
NTTTCG	48
NTCGCG	48
NAGATG	48
AACCNN	48
NCGTAT	48
AGAGNN	48
NCAACT	48
CGCTCN	48
NCAACC	48
CAGANN	48
TTCANN	48
NCCGCT	48
NCATAG	48
NGGCCT	48
NTAGAG	48
NCCAAG	48
CATCAN	48
NCAGTC	48
NGCTAT	48
TATCGN	48
CGAGAN	48
CCCCNN	47
AAGTNN	47
GCCANN	47
NAGATA	47
NGTGTT	47
NCTACA	47
NAACTA	47
NGTCTA	47
NGTTAG	47
GAGTCN	47
NTGGGA	47
NGAATC	47
NACCGC	47
NACACC	47
TGATNN	47
NATGCG	47
TCGCNN	47
NTACAT	47
NTAAGT	46
GNTCGC	46
ACTTNN	46
NGGGCC	46
NACGTA	46
NGGGGN	46
CCTTTN	46
NCACCC	46
GNGCGT	46
ATGCCN	46
NAGCTC	46
NCGCAA	46
NGAGCA	46
CCCTCN	46
NCCTAG	46
NTAACG	45
NCGCAG	45
TACTNN	45
NCACAG	45
NAGCGC	45
NCCTTA	45
NTGGAA	45
AGTTNN	45
NCCAGT	45
GNCATT	45
TGTAGN	45
NGCCGC	45
NTGGTC	45
CTGANN	45
NTCGGC	45
NTGAAG	45
NGATCC	44
ANGATC	44
AGAGAN	44
CAATAN	44
TGAGNN	44
GTGANN	44
NGACTA	44
NGCTGT	44
NAGTGG	44
CTTCNN	44
GCGAGN	44
TGTANN	44
NTACTT	44
NGGAGT	44
TTATNN	44
NGTCAC	44
NGAGCG	44
NGAGTC	44
NTAGCG	43
NTACGC	43
NACGCT	43
NCTTGT	43
AAATAN	43
GAACAN	43
NCTGGA	43
NTCCGC	43
NGGCTC	43
NAACGN	43
NGTTAC	43
NGCGGT	43
NCCGCA	43
NACGAC	43
ATATTN	43
NCAGGG	43
NTGTTC	43
NTACTA	43
NTGAGT	43
TATANN	43
NGTGAT	42
CGGGTN	42
CAAAAN	42
NGCTAC	42
NACGCC	42
NGTACG	42
NCCCTA	42
NAGTTA	42
NTATAG	42
CANACN	42
NACTTA	42
NAGTTG	42
TGCTNN	42
CAGAAN	42
CACCNN	42
CTTGNN	42
NCACGC	42
CACGCN	42
NTAGTN	42
NACACG	41
NTATCC	41
ANAGCA	41
NACTCG	41
NGAGAC	41
NCCCTG	41
NATCGN	41
NCTCGC	41
NGTGCT	41
NGCGCC	41
GTTCNT	41
NTTACA	41
NACTTG	41
NGGAGC	41
GTCCNN	41
CGNGGN	41
GTATNN	41
NTGTGC	41
CAGCNN	40
GCCTNN	40
NTGGAT	40
NAAGCC	40
NAAGGC	40
NGTATA	40
TACTAN	40
GTTATN	40
NTCCGA	40
AGATNN	40
NAGTCC	40
NACCCC	40
TCCTNN	40
NACGAG	40
NTACGA	40
CCATCN	40
NCGGCA	40
AATAGN	40
NCTTCG	40
TTAANN	40
ATTCAN	40
ANAATA	39
NTACCG	39
GTCACN	39
NCCGAA	39
CNCACA	39
NTGCGG	39
NCATCG	39
NGAGTG	39
CGGANN	39
NATCCG	39
AGTNGN	39
NACGTG	39
CCGTNN	39
NCTGCC	39
NTTCGC	39
AAATCN	39
TTTCGN	39
TNTGAC	39
CGTCNN	39
AGCGTN	39
NTATGA	38
AGGGGN	38
NAGGTG	38
NGTCCA	38
ACAAAN	38
TGCGNN	38
NTGAGC	38
ATTAAN	38
CCCANN	38
NTGTCC	38
NACGCG	38
NTGGCG	38
NACCGT	38
NGTGCA	38
NGAGTA	38
TNTAGG	38
NGACGT	38
TTCAGN	38
NTGCTA	38
NTGAGG	38
CGGGNN	38
ANGAAA	38
GACANN	38
NGTATC	38
NGGCAC	38
NTAACT	38
NAGAAC	38
ACACNN	38
NAGTAC	38
NATCTA	37
NCACTG	37
NGGCGA	37
TAACNN	37
NCGCGT	37
NGATAC	37
NGCCCT	37
NGTTCG	37
NTGAAC	37
NGTGCC	37
TGTTNN	37
NAAGAC	37
CCTGNN	37
NATTCG	37
GGGAGN	37
NGGTTC	37
NGAACC	37
NGTAAG	37
CTTGCN	37
NAGGTC	37
GNGTTG	37
TGCANN	37
NGTAAC	37
NTGGAG	36
NGGATT	36
NCTACC	36
NGCACA	36
ATNAGN	36
GACAGN	36
NTAAGG	36
GACGNN	36
AGACAN	36
TNGCGG	36
NCCGGT	36
NCTATG	36
NCCCCA	36
ACAGNT	36
GCTGNN	36
NACTAC	36
AAGGNN	36
CAGGAN	36
CCAGNN	36
GATGGN	36
NCGCCT	36
AAACAN	36
AGGCNN	36
NGGTCG	36
NCGCTG	36
NAGGAG	36
NCGGAA	36
CTGCNN	36
NTTGGG	36
NGAATT	36
NTTCTA	36
ANACGT	36
NACGGC	36
NCCACT	36
NTACAG	35
NTATCG	35
NTGTAA	35
GAAGNN	35
TTCATN	35
GTCTCN	35
TAAANN	35
AACGNN	35
NTGGAC	35
NAAGTA	35
NCCCAG	35
ACTGNN	35
TGGCNN	35
CGCTNN	35
AGAAAN	35
ACGCNN	35
NCTATA	35
NGGAAC	35
NCGGCT	35
NCCGTG	35
GCCATN	35
ATCATN	35
AGNGTN	35
GCATNN	35
CTGTNN	34
AGCTNN	34
NGGTGA	34
ANAGGT	34
NGTGAC	34
TTGANN	34
NCTGTC	34
NCTGAG	34
NGGCCC	34
NGGTAC	34
NGATTC	34
NGGTGG	34
AGTATN	34
NAGGTT	34
GTTANN	34
TTTGNN	34
CAGACN	34
NTAGGC	34
NAGGAC	34
NTGACT	34
NGACCC	34
NTACAC	34
NATGGG	34
NACCGA	34
ATGCNN	34
GCTCNN	34
NGGATA	34
AAAATN	34
AATCTN	34
ACTANN	34
CAAGCN	34
NACGAT	34
GAAAGN	34
NGAGCC	34
CAATGN	34
AATNTN	33
NTGCTC	33
ATTCTN	33
NGAATA	33
NTCCGN	33
AGTGNC	33
NGGGTA	33
AGCAAN	33
AGTCNN	33
ACCTNN	33
CTCTGN	33
CATTCN	33
GTACNN	33
GTAANN	33
NCTCGN	33
TTTAGN	33
GCGANN	33
GCAANN	33
CATAAN	33
AATACN	33
NGGCAG	33
NCACTA	33
NGCACC	33
AAATTN	33
GTCGTN	33
ATAAGN	32
AGCGNN	32
CTAANN	32
NGCGAT	32
AAGCAN	32
AAAACN	32
NAGGCG	32
CACGNN	32
NAGCTG	32
GGCTNN	32
NGAGTT	32
CTCANA	32
NTGTGG	32
NTCCCG	32
TGAANN	32
ACCANN	32
NCGTTG	32
ANTATA	32
TGTTTN	32
AACATN	32
NGGGCA	32
GGAANN	32
CCACAN	32
NATATN	32
GATNGN	32
NCCGAC	32
TGGTNN	32
NCACGG	32
NGCCCC	32
NCCAGG	32
CCAATN	32
GTCCTN	32
CACCAN	32
GAAACN	32
NTGACC	31
TGCTGN	31
AATTTN	31
GGNCGN	31
GGATNN	31
NGGGAC	31
GAGAAN	31
NAGACC	31
NGCGAA	31
TTAGNN	31
NGTCGA	31
GTTTTN	31
NGCACT	31
ANACAT	31
ATTTGN	31
ANAGTC	31
TTCCTN	31
GTCCCN	31
CGGCNN	31
NACCGG	31
NCACGA	31
ATCCAN	31
TGCCNN	31
GTTTGN	31
NAGTGC	31
NAGGGC	31
NGCGCT	31
NCCTCG	31
NGTACC	31
NCGGTT	31
NAGCGA	31
ATANTN	31
CATTAN	31
CCTCTN	31
NCGCCA	31
ATATAN	31
ANAGGA	30
AATTGN	30
NCTGGG	30
NACGGA	30
AGAGGN	30
NTGACA	30
NGGATG	30
ACACAN	30
NGGACG	30
GTCAGN	30
TCAANN	30
GGAAAN	30
NACCTA	30
GACCNN	30
NCACCG	30
CAACAN	30
NGACCT	30
ANATTG	30
GAACGN	30
TTGGNN	30
AGACNN	30
GNAAGA	30
ACAGAN	30
CTGTCN	30
TATAAN	30
GAGTNN	30
TATTTN	30
GCGGNN	30
NCGTGA	30
NGCGAC	30
CATCCN	30
ATTGTN	30
AGTCGN	30
GTGTNN	30
CCAGCN	29
NCTAAC	29
CGATNN	29
NTGTGA	29
TATGNN	29
TCAGNN	29
NCGACC	29
CTTANN	29
ACTCAN	29
AACAGN	29
NAGGCN	29
NCCGGA	29
AACCAN	29
ATCAGN	29
NACGTC	29
CNGGCC	29
TTTTAN	29
ATTTCN	29
CNCACC	29
TCTCTN	29
CATGAN	29
NGCCTA	29
NGCGAG	29
TACCNN	29
ACCCNN	29
NCGGCC	29
AAACTN	29
NACTAG	29
TCGTNN	29
CTCTTN	28
CTCCTN	28
NGCCGA	28
TTCGNN	28
ANTAGA	28
NGTCCC	28
CCATGN	28
ATATCN	28
NTATAC	28
TTGAGN	28
AGTTGN	28
TAGCNN	28
GAATCN	28
TNAGGA	28
NGGTAG	28
ATCACN	28
GCCTCN	28
TCTTTN	28
ATGCAN	28
NTTACG	28
CTACNN	28
GAGGGN	28
TTTATN	28
CAGCAN	28
ACTCCN	28
TTTTTN	27
GATTTN	27
CCCTTN	27
CCCTGN	27
ANATTA	27
CCATAN	27
GNGATC	27
TATCCN	27
TAATCN	27
GGGGGN	27
CGNGTN	27
TNACGT	27
NTTCGA	27
ANTATG	27
GTTCTN	27
ANTCTC	27
GACCCN	27
NGTGAA	27
NGTGAG	27
ACATAN	27
AATCAN	27
TTGTNN	27
TTCTTN	27
TTNAGN	27
NGTGTA	27
NCCCAC	27
NTGCAC	27
NCTGTG	27
AACAAN	27
NTACTC	27
NTCGTG	27
TTCCAN	26
NAGGGG	26
NGGACT	26
ANAGTT	26
NCTTAC	26
GNTTTT	26
NGGCCA	26
AGAGCN	26
CNAGAT	26
NCTCGA	26
TGAAAN	26
CCCGNN	26
ANTAGC	26
CGAANN	26
ANTAAA	26
GATGTN	26
AAAGCN	26
GAATGN	26
GGCTTN	26
AAGAAN	26
ACGGNN	26
GCTCGN	26
ANAAAT	26
NCCCGT	26
ATTATN	26
NGGTGT	26
NCCCGA	26
GGCGNN	26
NCGCCC	26
ACTTTN	25
NGGCTA	25
NTACCC	25
NCGATT	25
NCCGAT	25
GGTCTN	25
CAAGAN	25
AGGGAN	25
GGTANN	25
CACCTN	25
TNATTT	25
NCGAAA	25
ATTGCN	25
CNAAAA	25
CCTTCN	25
AGATGN	25
CCTGCN	25
NCGTGT	25
GGCAGN	25
CAAATN	25
NCGTTC	25
TATCTN	25
AAGAGN	25
ANCAAT	25
ANAAGC	25
NCGCTC	25
GGATTN	25
NCTATC	25
AGAGTN	25
ATCCNN	25
CTCCAN	25
ACAGTN	25
ATAATN	25
CTGAAN	25
ACACTN	25
NAGCCG	25
NGATAG	25
TGACGN	24
NCTAGT	24
ATTGAN	24
AGCATN	24
TGCCAN	24
CAATTN	24
GATAAN	24
GNAAAG	24
GCTANN	24
CCGCCN	24
NTCATN	24
CNCTCC	24
GCACNN	24
CTTTAN	24
GTTAAN	24
TNTCGT	24
AAGGCN	24
AATGCN	24
CNACAT	24
ATACCN	24
ANATGA	24
CGCCNN	24
TNTCAT	24
AACCCN	24
AGGTNN	24
NCGATA	24
NAGTAN	24
AGGAAN	24
GGTAGN	24
TCACNN	24
CATTTN	24
CNATCT	24
GACCAN	24
ANGCAT	24
NCGAAG	24
TCCGNN	24
TTCGGN	23
NACGGG	23
ANTCTG	23
ATCTTN	23
CTNAGN	23
TAAGNN	23
NTCGGG	23
TGGTAN	23
NAGACG	23
CGCCAN	23
ATTTNG	23
AATGAN	23
CCTTAN	23
TTACGN	23
NTCGAA	23
NACTGN	23
GATATN	23
AGTAAN	23
NCGGTC	23
GGGANN	23
TATGGN	23
GGTTAN	23
CCAGAN	23
NCTTAG	23
ANAACA	23
ACAACN	23
TGATGN	23
CTATNN	23
CACTCN	23
GNATTT	23
ACATTN	22
NACCCG	22
NCGGTG	22
CAAACN	22
NTGTCA	22
NGATCG	22
GAGTGN	22
ANACAC	22
AAACCN	22
NCGCAC	22
CNAAAT	22
TAGGNN	22
CNCGCA	22
CAGCCN	22
NGTAAT	22
NCGTAC	22
ATTTAN	22
CCTANN	22
GAGCNT	22
CTTAAN	22
GGCCNN	22
NGATCT	22
CCTCCN	22
GCTTTN	22
NGCCCA	22
NCCGCG	22
CNCAAA	22
TNATAT	22
CGTCAN	22
TGTTCN	22
ANCAGA	22
GACTGN	22
CGAAGN	22
NGGGAA	22
CNGAGA	22
AATGTN	22
NCTCCG	22
GTCCAN	22
CCACCN	22
NAGCCC	22
TGTCGN	22
CATGGN	22
GTCGNN	22
GNTGCG	22
GTGTTN	22
ATATGN	22
CNAGCA	22
TTTGAN	22
ACAATN	22
AAAGAN	22
TAGANN	22
NCGTGC	22
NTCGAT	22
AANCAN	22
ANATGG	22
GACATN	21
TGATAN	21
TGATTN	21
AACTAN	21
AGCCTN	21
CNATAT	21
CNCTCT	21
TACANN	21
CGGCCN	21
CGATCN	21
NAGCTA	21
AGGTAN	21
GATCTN	21
ATAACN	21
TTTCAN	21
CGCTGN	21
NTGGGT	21
NGGACA	21
AGCTTN	21
ATGGCN	21
ACCAAN	21
TTATTN	21
ACCGNN	21
CTTCCN	21
NCGAAT	21
AGTCAN	21
CTTCAN	21
ANGAGA	21
CTCTAN	21
NCGTCG	21
ACGANN	21
GCTGCN	21
TCTTGN	21
CGTTTN	21
ANAGCC	21
ANAGAT	21
TNCTAT	21
NCCACG	21
TCTCCN	21
CTGCAN	21
CACTGN	21
GNCATG	21
GAAGTN	21
TTAAGN	21
CGTGNN	21
NCGGGA	21
TAACAN	21
TCNGAN	21
CGACNN	21
CTGTTN	21
NGGCCG	21
ANAATG	21
CCCAAN	21
TNAATT	20
CTGCTN	20
TCTGCN	20
NCGCGC	20
NGCAGN	20
TCTNGN	20
GGCATN	20
NCGAAC	20
AACCGN	20
ATGAGN	20
TNAACA	20
NCGTTA	20
AGCTAN	20
TTTTGN	20
GGCCTN	20
TGTCAN	20
CTCAAN	20
NGACAN	20
TCTAGN	20
CNTTGC	20
TCTANN	20
GGACAN	20
AGTGGN	20
CCCCTN	20
GNCAGA	20
CNGTCA	20
AATCGN	20
GATTAN	20
GTGGNN	20
GNAATC	20
GAGGNN	20
ANTCCT	20
ACATGN	20
CGTCTN	20
ANAAGT	20
ANAATC	20
TATTGN	20
CATCTN	20
GTTGAN	20
GTAGNN	20
TTATAN	20
NAGAGN	20
GTTGGN	20
NAATCN	20
CGTANN	20
NCCGGC	20
TAATGN	20
GNCAAC	20
TTCAAN	20
GTGAGN	20
GACCTN	20
CAGATN	20
ATGGAN	19
CAAAGN	19
CATGTN	19
GTGTGN	19
AATCCN	19
NGAACT	19
AAGCTN	19
ANATAT	19
ATACTN	19
CCTTGN	19
NGCTCG	19
NGACCG	19
GTCANT	19
GTCTTN	19
CCACTN	19
TTTACN	19
GTGACN	19
CTAAAN	19
GATGCN	19
CACATN	19
GAATAN	19
GGAGNN	19
CNATCC	19
TGAATN	19
CGGTAN	19
AATTAN	19
GTGGCN	19
GAACTN	19
ANCTGG	19
NCTAAG	19
AGACGN	19
TGGTCN	19
GGTGGN	19
TATTCN	19
NTGGGG	19
CCGTCN	19
TGCTTN	19
GNTATT	19
NGTACA	19
GNAAAA	19
NCGAGT	19
ATCTGN	19
NCGACT	19
ACATCN	19
GGTCAN	19
AGCGAN	19
GCCGCN	19
AAANGN	19
TCATTN	19
ATCTCN	19
ATCTAN	19
GGNAAN	19
TCCANN	19
CGTTGN	19
GCGGCN	19
CACTTN	19
CGGGCN	19
TGCCGN	19
CTATTN	19
NTGGGC	18
TGGCGN	18
NTGTCG	18
TGGTTN	18
AACACN	18
CACTAN	18
CATAGN	18
ATNATN	18
NTCGGA	18
TAACCN	18
AAGGAN	18
NGCGGG	18
ATGCTN	18
CNATAA	18
CGCGAN	18
ACCTAN	18
CNCCCC	18
GCTAGN	18
TGGANN	18
CCAAAN	18
TTTTCN	18
ANAGAA	18
NCAGAN	18
CCGACN	18
ANATAA	18
TCAAAN	18
CTTCTN	18
CNAAAC	18
ANAGAG	18
NCCCGG	18
TAGCGN	18
TAGTGN	18
TATGAN	18
TTGTTN	18
GGTTGN	18
ANACAG	18
ANACAA	18
TATAGN	18
TNAGAA	18
GCCTTN	18
ACTGTN	18
GTCNTN	18
TGTTAN	18
CACANA	18
AACTCN	18
ACCATN	18
TGTTGN	18
CCCATN	18
GTACCN	18
GTATGN	18
TCATCN	18
GAAATN	18
TNAAAA	18
CAACCN	18
CAGTAN	17
CAGGGN	17
AGCCCN	17
AGCCGN	17
NCGACA	17
NCGCTA	17
ANAACC	17
GGGAAN	17
NGCACG	17
NGCCGG	17
NGGTCN	17
NCGCCG	17
NCCTGG	17
AGTTCN	17
NGCCAN	17
GTTTAN	17
TAGGAN	17
ANCTGC	17
CACAAN	17
ATCCCN	17
CAACGN	17
ATGATN	17
ANATGC	17
GCTTGN	17
TAAAGN	17
ACTATN	17
NCAGCN	17
GGCGTN	17
GNTAGT	17
GNTAAT	17
GCTGGN	17
CCTGTN	17
NTCGCN	17
NGTCCG	17
ANACGA	17
GNCTCC	17
GCTGAN	17
TCTCAN	17
CNCTAC	17
GAAGCN	17
ACCACN	17
CTTGGN	17
CTGATN	17
CNTTTT	17
AAGGGN	17
ACCGCN	17
TNTAAC	17
GCAGGN	17
CGGCAN	17
ACCTGN	17
CNATGC	17
GCAGCN	17
CNTGCT	17
GCCCNN	17
AANCTN	17
TTATGN	17
GACGTN	17
GCAAGN	17
CGGCGN	17
TGACTN	16
ACTTCN	16
GATCAN	16
CGGTGN	16
GGAGAN	16
ANTAAC	16
ANTAAT	16
CTTTGN	16
ANTACT	16
TGTGTN	16
TAAAAN	16
ANACTC	16
TGCAGN	16
NGTACT	16
CTTGAN	16
TGTCTN	16
TGTCNN	16
CGCAAN	16
CNAACA	16
ANAGGG	16
GNTCGG	16
GCTCTN	16
GTGCTN	16
ANTAGN	16
CCTGAN	16
AGCTGN	16
AGCTCN	16
TTAGTN	16
AGGCGN	16
TTATCN	16
CNCTGC	16
AGNAGA	16
AGNAGT	16
TNTTTT	16
TNATTG	16
CACCCN	16
GCCGAN	16
ANTTTT	16
GACAAN	16
TCAGAN	16
ANACCA	16
GCATTN	16
CAGGTN	16
AATTCN	16
TCTGGN	16
NTGCGC	16
GCAGTN	16
ANAACG	16
GNAACA	16
GNACCT	16
AGAATN	16
ATCGNN	16
CNTAAA	16
CTGCCN	16
NGGATC	16
ANTCAC	16
CNTTCT	16
CGCNGN	16
CTCNCN	16
ANCAAC	16
ATTAGN	16
ACCAGN	16
ACNCAN	16
GCGTNN	16
TTTCCN	16
ATGTAN	16
ANCAAG	15
GTCTAN	15
TNTTGA	15
ANCTCT	15
ANACTT	15
NCGGGG	15
GAAGGN	15
CTCGGN	15
CAANCN	15
GGAAGN	15
CAGTTN	15
CANAAN	15
ANAGAC	15
CCGCTN	15
GTGCAN	15
GCGCNN	15
CGCTAN	15
GCTTCN	15
TNCAAA	15
GNTAAA	15
CNAGCC	15
ANTTGT	15
GCTTAN	15
CNTGAT	15
GGACGN	15
GNCATA	15
GNCACC	15
TNCGTT	15
CGAGCN	15
TACTGN	15
ACGTTN	15
TGACCN	15
CNTAAT	15
TGGCTN	15
TNTCCT	15
GTTCAN	15
CATATN	15
GNACGT	15
CANACA	15
AATGGN	15
TNTGGT	15
CNTCAA	15
NGGACC	15
TTGCAN	15
CANCAN	15
ACTGCN	15
ANCAGT	15
NCGGGC	15
AGTTTN	15
CNTTTG	15
CCGAAN	15
CTATGN	15
TCCCNN	15
GAGGAN	15
CGCATN	15
NGGAAT	15
CNATCA	15
CNCCCT	15
NCTAGC	15
AAAGTN	15
TNATGG	15
TNATCA	15
GCAATN	15
ACACCN	15
CGCCTN	15
AAGTTN	15
TTACCN	15
TGCTAN	15
TTACNN	15
TCCTTN	15
CCAACN	15
GCCAGN	15
CNAAAG	15
ATTCGN	15
NCGTGG	15
NCGAGG	15
AAGTAN	15
GCCACN	15
NCGAGC	15
AANAAN	15
GACTTN	15
NCGACG	15
TCGCNG	15
TNATAG	15
CTGGTN	14
ANCCAA	14
AACCTN	14
NGAGGN	14
AGCACN	14
NCAAGN	14
GNCACT	14
ATACAN	14
CTGTGN	14
CTGACN	14
GNAATT	14
GANATN	14
GNACGC	14
GNCAAT	14
AGGCCN	14
ATTACN	14
GTTTCN	14
TTGACN	14
GGAGTN	14
TNTCTT	14
TNTCTC	14
TNACAT	14
NGACTN	14
TCAGGN	14
GAATTN	14
TNGAAT	14
CGTAGN	14
GATGAN	14
TCATGN	14
CTACAN	14
GAGGCN	14
CGTCCN	14
TCTACN	14
AGTCCN	14
AANATT	14
NCTCTN	14
TACACN	14
TTCNGN	14
AAGANC	14
GAGTAN	14
CNCTTT	14
TNTTCC	14
TGGTGN	14
TGNAGN	14
TTAATN	14
GAGATN	14
CCTAAN	14
NTGCGA	14
ACANGN	14
CCATNA	14
TTCGTN	14
AAGGTN	14
ACCTTN	14
ANGCGG	14
GTAAAN	14
TNGTAG	14
CATCGN	14
CNATTG	14
CTGGNC	14
GCTGTN	14
GNTATC	14
ANGAGT	14
CTTGTN	14
GCTCAN	14
GNGATG	14
NCCGAG	14
ANTAAG	14
TGCGTN	14
CNTCTT	14
ANAGTG	14
TTGGGN	14
GNTTGT	14
CGAGTN	14
AANTTN	14
TAACTN	14
TGAGAN	14
NCCCCG	14
ANTCAA	14
CCAAGN	14
CATTGN	14
TTGCTN	14
GNTGCA	14
CNATTA	14
TTTCTN	14
TNACAC	13
ACGCAN	13
NGCGCA	13
CTCATN	13
AGATTN	13
GGTCNC	13
AGATAN	13
CTACTN	13
CNCAGT	13
GATTCN	13
TAAATN	13
TGGATN	13
NCCCGC	13
ANGAAG	13
GNTTAA	13
TCAGCN	13
CTCTNC	13
GCTACN	13
GAGCAN	13
AGGTTN	13
CNTGTG	13
CGCCGN	13
TTAACN	13
NCGATG	13
GGCTGN	13
NCCTAN	13
ATAGNT	13
TCTAAN	13
TNATTA	13
CNATGA	13
ANATCG	13
GNTCCA	13
NCGTCC	13
CNCATT	13
GTCGGN	13
ANGGTA	13
CACAGN	13
CACGTN	13
TCGTTN	13
CNCATG	13
TTCCCN	13
TATATN	13
NCGCGA	13
ATCGCN	13
AGGATN	13
ANCTTT	13
GNTTTA	13
TTCTCN	13
GGGGAN	13
AGACCN	13
GTTACN	13
GTCTGN	13
CTTTCN	13
CTTAGN	13
NTGTAC	13
GNCGTT	13
GTGAAN	13
ANTGAC	13
TNTAGA	13
CGCGGN	13
GGATAN	13
GTTGCN	13
TTAGGN	13
ANTATN	13
CCGANN	13
CNTACA	13
CGGTTN	13
CANTTN	13
ACCCCN	13
GGAGGN	13
ANCAGC	13
TCGTGN	13
GGCCAN	13
CCGGNN	13
CCCACN	13
ANCCAG	13
ANTTAG	13
GGTGNG	13
TNCAGT	13
GAGTTN	13
CNCGCT	13
AGGCNT	13
CNACCA	13
GANTGN	13
ATCCTN	13
TNGCAC	13
TNAATG	13
TNATAA	13
GTNATT	13
TANCGN	13
ANGATA	12
TNATGC	12
GTGCGN	12
NAATTN	12
GGGTGN	12
CNAAGC	12
CCCAGN	12
AGGGCN	12
AACGCN	12
CNAAGA	12
CAGAGN	12
GNTTTC	12
CNACTG	12
CNATAG	12
GGGTCN	12
TTAGCN	12
GNCTTC	12
ANAAAC	12
GGTTCN	12
CNAGGA	12
AANATA	12
ANTGCT	12
GNAAAC	12
TNCCAT	12
GNCTTT	12
CTATCN	12
ANCTGT	12
NAACCN	12
ANCATT	12
GTCTNT	12
CTAGNN	12
TNCCGN	12
TNCTTG	12
GTATCN	12
ANAATT	12
GTAGTN	12
ANCATC	12
TACTCN	12
ANGCTT	12
GNTCTT	12
CNAACC	12
TNGTCT	12
TAACGN	12
GTCGCN	12
GNTCAG	12
ANCTAA	12
AACGGN	12
NCTTCN	12
GATACN	12
CNCCTG	12
AANACN	12
GGTATN	12
CNATGT	12
TACGNN	12
ANCACC	12
TAAACN	12
ANACGN	12
ANGTGA	12
CCGGCN	12
ANTTAA	12
NGCGCG	12
CTTTTN	12
NCGGAG	12
TTGCCN	12
CAACTN	12
ACCCTN	12
NATCAN	12
CGGAAN	12
TGCATN	12
GCGCGN	12
GCGTAN	12
CTNATN	12
CNGAAA	12
CTCGTN	12
CNTCCA	12
CGATTN	12
ACTGAN	12
TGTATN	12
GCNAGN	12
TNAAGG	12
ACTAGN	12
ATNTGN	12
CTNTTN	12
CTCTNT	12
GGAGCN	12
CCTCGN	12
GACTAN	12
CNTTCA	12
CNTTTA	12
ATTGGN	12
NCGCAN	12
TGGAGN	12
CCNTCN	12
NGATCA	12
TNAATA	12
GNACAC	11
ACNGCA	11
TTTGCN	11
GNTTAT	11
TACCAN	11
TNACGG	11
ANACTA	11
ATATNA	11
GNACGG	11
ANGTTT	11
GNGATT	11
NTCTAN	11
CAGCTN	11
ANCTAT	11
TTTNAN	11
CNTCAG	11
GGAATN	11
ANTGAG	11
GGCTAN	11
ANTGTT	11
GGCCGN	11
CTCGAN	11
CGCACN	11
TATNAN	11
CAAGGN	11
GCCNTN	11
ATCCGN	11
GNTAGG	11
TAGGTN	11
CCGCGN	11
CGTGGN	11
TNTTCA	11
CNCAAC	11
GCATGN	11
GGTTNT	11
ACGAAN	11
ANTTGC	11
CTNAGA	11
CANCGN	11
CGAACN	11
CNTGGT	11
TTCNAN	11
TCAAGN	11
GGCGAN	11
ACGTNN	11
TGAACN	11
CNTTAA	11
GNAATA	11
TTTGTN	11
TAAGAN	11
TCACCN	11
TACCGN	11
TNGCAA	11
CNTAAC	11
TCCGAN	11
ACTNTN	11
TNCCTT	11
TNTCAA	11
ANTCCA	11
AGGTCN	11
CTAGCN	11
GNCTCA	11
CNAATA	11
GNCAGT	11
CCTACN	11
AACGTN	11
GNATTA	11
TNTACT	11
AGGCTN	11
GAGACN	11
CCCTNT	11
TNGGAT	11
TTACAN	11
GGGTAN	11
AANGCN	11
ANATGT	11
CTNTCN	11
TAATNT	11
AACTTN	11
GATCCN	11
TAAGGN	11
ANTGAA	11
TNTTTG	11
TNCTAA	11
TCCAAN	11
CACGAN	11
AACGAN	11
GNAGGA	11
CGACCN	11
TTGGTN	11
TCGGCN	11
TGGAAN	11
TCGCAN	11
CANTGN	11
AACANC	11
TGGACN	11
ACGGTN	11
TTAAAN	11
TNTCAG	11
GTAAGN	11
ANACCG	11
CTGTAN	11
CGCTTN	11
GNCTGT	11
CTAATN	11
TNTAGT	10
TTGCNT	10
CNTGAA	10
TTGTGN	10
ATCGTN	10
TTNTGN	10
CANATN	10
GNCCTC	10
TGTCCN	10
ANAAAG	10
GNCAGG	10
GTTTNT	10
GTTGTN	10
GNGAGC	10
GNAGAG	10
TGNTGN	10
TGGNGN	10
ANTACC	10
TGTGCN	10
TGAAGN	10
CNATTC	10
ANGGTT	10
GNATGC	10
GCACCN	10
TNCCGA	10
GNCAAA	10
CGAAAN	10
TGTGAN	10
ATGTGN	10
GCCTGN	10
ACTCGN	10
TNAAAC	10
GNAAAT	10
AGAACN	10
TGAGNA	10
GTNAAN	10
ANTGGA	10
ACTTAN	10
TNCGGT	10
ANTGGC	10
GCAACN	10
CNGAAG	10
TCCATN	10
AAGTCN	10
CNCCAT	10
NGCTAG	10
CNGACA	10
CAGCGN	10
CNCCAG	10
GGNGCN	10
ANGATG	10
TCCCCN	10
TAAGCN	10
TCAGTN	10
CACCGN	10
CNCCAA	10
GACACN	10
TNCTGC	10
ATNTAN	10
GCCAAN	10
AANTCN	10
TGCTCN	10
CNAATT	10
AACNGN	10
ATACGN	10
TCGCTN	10
CTNTGN	10
ATGACN	10
TCGANN	10
ACNATN	10
CNCGGC	10
TAGAGN	10
TNATCT	10
TATGTN	10
CNAATG	10
ATAGNG	10
GCAAAN	10
AGGTGN	10
GGGTNG	10
CNCTTC	10
TNGAGG	10
CTGAGN	10
CTCCGN	10
AGNAAN	10
ANAGGC	10
TNTTAG	10
TTGGAN	10
GCATCN	10
GNTACT	10
CCNAAN	10
TNCTGA	10
AAGACN	10
CAATNT	10
CAGTGN	10
GTGTCN	10
GNTCAA	10
TNCAAG	10
GNTACA	10
TGGGAN	10
CNCACT	10
TAANTN	9
GCTAAN	9
ACTACN	9
CNCTAG	9
CTATAN	9
GNTATA	9
TAGCCN	9
GNTATG	9
CNTGAC	9
ACNTTN	9
TNCTGG	9
CGTTAN	9
GTATTN	9
GTAGGN	9
CNTGCC	9
CATGNC	9
CNATCN	9
GNCCTT	9
GCACAN	9
ANACCT	9
TAGAAN	9
GNCGCA	9
ANATTC	9
TAGACN	9
GNCGCT	9
CNTGAG	9
NTTCCN	9
TNTATC	9
ATGGGN	9
TAGGGN	9
CNTATG	9
GNCGTC	9
ATGGNA	9
ACGCCN	9
CGGCTN	9
CNTGTT	9
GNTTGG	9
ANGATT	9
GNTTCT	9
TANATN	9
ANCATA	9
ANACTG	9
ANCATG	9
ACGATN	9
CCAGGN	9
GNTTAC	9
GNTGCT	9
CCCGCN	9
GGAACN	9
GTNAGN	9
CTTATN	9
NCCGTN	9
CTTCGN	9
TNTAAG	9
CGAGNT	9
CNTATT	9
GNGAAA	9
GGACCN	9
GTNTTN	9
GTAACN	9
AANAAA	9
NCCGGG	9
ACTGGN	9
CGGATN	9
AAGTNA	9
CCCGAN	9
GNGGTA	9
ATCTNC	9
TGATNA	9
TAGTCN	9
TNAATC	9
GCCGGN	9
CNCATC	9
TCACAN	9
ANTTCT	9
TCAATN	9
GGCGCN	9
ATGTCN	9
TNACCT	9
TNACCC	9
CNCAGG	9
TCTGNC	9
CAGTNG	9
AGTGAN	9
GGTGAN	9
TNTTGG	9
TNAAGT	9
AGTTAN	9
GCATAN	9
GGTGTN	9
CNCAAT	9
NGTTTN	9
TNAAGC	9
TNAAGA	9
GGTTNA	9
TNAAAT	9
GNAAGC	9
ANTGCA	9
GNACAA	9
ATCGGN	9
GACGCN	9
CNCTAN	9
AGCNAN	9
CNCTAT	9
TTTGGN	9
CNCGTC	9
GCCCCN	9
GGGATN	9
ACAGNA	9
ACACGN	9
GACGGN	9
CNCTGA	9
TCCTAN	9
CNCGCG	9
TCCGTN	9
GNCCCT	9
CNCTGT	9
NTCAAN	9
CNCCTT	9
TNAGCG	9
GAGCTN	9
TCCCAN	9
CNGAAT	9
TNATGT	9
CGTACN	9
CNCCAC	9
GCGTTN	9
ANTTTA	9
AGNTTN	9
GGTAAN	9
TNTCTA	9
CGACAN	9
CNAGCT	9
ACCCAN	9
CANTAN	9
AAACNA	9
GNACTG	9
GNAGGC	9
TNTCTG	9
CGACTN	9
GNAGTG	9
ANTCAT	9
GNATAA	9
ATGANA	9
ANACCC	9
ANAAGN	9
CNTAGA	9
GNCCCA	9
CNTTTC	9
GNATCT	9
ATNCAN	9
GTTAGN	8
ACGTCN	8
ANATCA	8
GACCGN	8
CGCTNC	8
GANGAN	8
TCCAGN	8
GCGANA	8
ANTTGG	8
TTCACN	8
TNTTGT	8
GNCACA	8
CNAGGG	8
CCGATN	8
ANATAC	8
CNGATT	8
CNGCAA	8
TCATAN	8
TNATTN	8
GGTACN	8
CGCGCN	8
CNTTAT	8
CNGCAG	8
GNCTGC	8
GNTTGC	8
TCTATN	8
CCATNC	8
CNTAAG	8
ANTCGT	8
TANTGN	8
GTACGN	8
GACNCN	8
CNACAG	8
ANATTT	8
GATTNG	8
GTTCGN	8
TTNTTN	8
GNCCAT	8
TTACTN	8
CCATNG	8
TNAGTA	8
TNCTTA	8
TNGCAG	8
ANCACA	8
TATACN	8
CNAGGT	8
CNCGTT	8
ACGCNT	8
GACTNA	8
ANCAGG	8
TAAGTN	8
AGNAAC	8
NCTACG	8
ANATCT	8
CNCTTA	8
CCCCGN	8
ANTCGC	8
ATNCTN	8
GNCAGC	8
CNTACC	8
TGTACN	8
ACGTAN	8
CCCTNC	8
AATANT	8
TCCTCN	8
TNCTGT	8
AANGAN	8
TTGATN	8
ACAGNC	8
GGGGTN	8
AATGNC	8
ACCTCN	8
GANAAN	8
AAAANA	8
TNCCAA	8
CNATGG	8
ANCTTA	8
CTAGGN	8
TAGNAN	8
CTCGNT	8
CNTCTG	8
GCANAN	8
CTNCCN	8
NGGGTN	8
TCTGTN	8
CNAGAA	8
TNTAAA	8
NGCCCG	8
CGNAAN	8
TTCTNT	8
TANAAN	8
GNACCC	8
TNCCGG	8
TGGGTN	8
TGCAAN	8
GNACAG	8
CNTCCT	8
TACATN	8
ANTTGA	8
GNAAGG	8
GANTTN	8
GNGGCT	8
TNTGGC	8
GNAACC	8
CANGAN	8
GTNACN	8
TNTGCA	8
CNGGAA	8
CNCAGC	8
CTACCN	8
TNACAG	8
CNTGGC	8
TCAACN	8
TNTTCN	8
CNGGCT	8
CNGGAG	8
TANCCN	8
GAGGTN	8
GNAGTT	8
GNTGAT	8
GCGGNA	8
ATNGCN	8
GNATCA	8
CNATAC	8
CNTATC	8
CCGGAN	8
CNGGTG	8
TNTTAC	8
GNTAGC	8
CAAGTN	8
CNGGGT	8
CANAAA	8
ANCGGC	8
ANAGCN	8
GTNTCN	8
CNACTT	8
GTGTAN	8
AGTGCN	8
TNCACT	8
ANTACA	8
GNTCAT	8
AGTCTN	8
CNAGAG	7
CGGACN	7
NCGGGT	7
TACAAN	7
CTNGAN	7
TTNATN	7
CCAGTN	7
ANCGTC	7
CNGTCT	7
GANAAA	7
TNTGTT	7
TNTGCT	7
CANGGN	7
TTNTCN	7
AAATNC	7
AAATNG	7
AATCNA	7
CNGTAA	7
AACTNT	7
CAAANA	7
CNGTTC	7
TNTCGN	7
CANTCT	7
NTGTTN	7
GANCTN	7
CACANT	7
CTAACN	7
TTAGAN	7
NTCGAG	7
CAGANG	7
AANCGT	7
GACGAN	7
CNCTTG	7
CNCCTC	7
CNGTTT	7
ANTTTC	7
CNGCTG	7
AAATNA	7
ATCANC	7
GAGTNT	7
ANTGTA	7
NTGCCN	7
ANGCAA	7
CTTCNT	7
GTGGTN	7
ATGCNG	7
ANGCCG	7
CATTNA	7
CATTNC	7
CATTNT	7
GTGGAN	7
TNGTGC	7
TNGGGT	7
CTNACC	7
CNTTGG	7
CNAGTT	7
ANGAAT	7
CCACGN	7
TAATNA	7
CTNACN	7
ANGCTC	7
ANGGAA	7
CNTCGA	7
ATTCNT	7
ANGGTG	7
ANGTAT	7
GTNTGN	7
CNTATA	7
TNTACC	7
TNTAGC	7
TNTATG	7
NCATTN	7
CNTAGG	7
ANTCAG	7
TNTCCC	7
TNCCGC	7
TANTCN	7
GNCGGG	7
CGCCCN	7
GNCCTG	7
ACGACN	7
GCACTN	7
TNCGGA	7
CGTGTN	7
TGCCTN	7
CTCTNA	7
GNACAT	7
GNCTAA	7
GNAACT	7
TATCNT	7
TNCCAC	7
GGTNTN	7
CGTGCN	7
AANAGA	7
CGATAN	7
ACTCNG	7
TATTNC	7
AGTCNA	7
GNGTGT	7
CNACAC	7
GNTTGA	7
ANAGTN	7
GNTTAG	7
GNTGGT	7
GNTGGC	7
CNAACG	7
GNTGCC	7
GNTCTC	7
GCNTCN	7
GNGTTT	7
GGTCCN	7
TAGTNC	7
TANACN	7
TANAGN	7
GCTATN	7
ANACGC	7
GNGAGT	7
GNGAGG	7
TANCTN	7
ACNGCT	7
GNCTCG	7
GGCGGN	7
AAGCNG	7
TCGGGN	7
AGCGGN	7
AGCGCN	7
CCNTGN	7
TNAGGG	7
TNAGCA	7
GCCCTN	7
GGATGN	7
TNACTG	7
TNACGC	7
GGGCCN	7
TCTCNT	7
TNAAAG	7
AGATNA	7
TNACAN	7
AGACTN	7
TNAACC	7
TCTNCN	7
TCTTAN	7
GCCTAN	7
TNAACT	7
GGNAGN	7
TCAANA	7
AACANG	7
CGTATN	7
TNCAAT	7
CCNACN	7
AGTACN	7
GGNTTT	7
ACCGAN	7
TCAGNG	7
ATNAGA	7
ACGGAN	7
ACTTGN	7
TGAGCN	7
GCCANC	7
TNATGA	7
TCCTGN	7
ATNACN	7
AGGACN	7
GCCCAN	7
AAGCCN	7
TGACNG	7
TACGCN	7
TNCTTT	7
CCCANT	7
GCNAAN	7
CTGGAN	7
GATTNA	7
ANCCGC	7
GTAGCN	7
ANCCTG	7
CCCCNA	7
TAGATN	7
AANAGG	6
NTTAAN	6
GNAGGT	6
CCNCTN	6
CNGCTA	6
AAAANG	6
TGCGAN	6
TNTCGA	6
ACTAAN	6
GNATAT	6
GNATAC	6
GNATTG	6
CNTGCG	6
CTCANC	6
GNAGTA	6
AATTNA	6
ANTCGG	6
GNAGGG	6
GCGCTN	6
GNAGCT	6
CNCGAG	6
GNAGCG	6
GNAGCC	6
TNTGAA	6
ATTCNA	6
TNTGAT	6
ACCANC	6
ANCCTT	6
CTTANT	6
AACTNG	6
AAAGNT	6
CNTTAG	6
GNCTGG	6
TANGCN	6
ANCACT	6
GNCTAC	6
TGTANG	6
TAATNG	6
TACTTN	6
TGCGNA	6
GACANA	6
CNTGTA	6
AAAGNG	6
ANCTTG	6
TCGACN	6
CGNTTN	6
CTNAAN	6
CNGCTC	6
CCCGGN	6
TNATCG	6
GNCCAC	6
CTAAGN	6
ANTCCC	6
AATCNC	6
GANGCN	6
ATTNCN	6
TNTCCA	6
GCTGNT	6
CCNAGN	6
CNCAAG	6
TATGNC	6
ANCCAC	6
CGTGAN	6
CNACGT	6
AGTGNT	6
AACTNC	6
GCGATN	6
CTTGNA	6
CTTGNC	6
TATTNA	6
TNTTAN	6
TCACTN	6
TNCAGA	6
CGTCGN	6
AGTTNG	6
GGTCNT	6
CAGTNA	6
TACANT	6
GGTCNG	6
TCACGN	6
CCGTGN	6
CNGCCC	6
CNTCCC	6
ANCCCT	6
GCGCAN	6
CAGNCN	6
ANTTCA	6
TNTTGC	6
TACAGN	6
ANTTCC	6
ATTGNG	6
GNACTA	6
GTCANA	6
ATCNAN	6
TNACTT	6
GNAATG	6
AATANA	6
TGAGTN	6
GTATNG	6
TNTGGG	6
GNAACG	6
GCGCCN	6
CNGCCA	6
GANACN	6
GGNATN	6
AGNATN	6
GNAGAA	6
TNTTAA	6
TNACTA	6
TNGAAA	6
TTNCAN	6
ANTGGG	6
TNCATC	6
CGATGN	6
TNTTTA	6
TGCACN	6
TNCATA	6
CNACGC	6
CANAGN	6
ANTGGT	6
CTCTNG	6
ANGCTG	6
GGCACN	6
GTCGAN	6
TTTANC	6
ANGCGC	6
GNTCGA	6
AANGCT	6
GCAANG	6
CATGNT	6
GNTACG	6
CNGCAC	6
GNTAAC	6
CCACNA	6
TNCTCG	6
GTACTN	6
ACNAAN	6
TGGCNA	6
GNGTCT	6
AAATNT	6
TGGCCN	6
GCGAAN	6
GNGTAC	6
GTNAAC	6
TNAGTC	6
TAAANG	6
GTNACA	6
TNCTCA	6
AAACNT	6
ANGGCG	6
AANGCG	6
GTACAN	6
TACCTN	6
ANGAGC	6
CNAATC	6
GTCCGN	6
CCGAGN	6
TAGCNC	6
CAAANT	6
TGNTTN	6
CNAACT	6
CCTATN	6
TGNATN	6
GNTGTT	6
AGAGNG	6
TTGANT	6
ANCCTC	6
CCTTNC	6
GNTGGA	6
GTGANC	6
CCTTNA	6
TNAGCT	6
GNTGAC	6
TNAGGC	6
TNGTCA	6
GNTCTG	6
GGATCN	6
TNAGAC	6
GNTCTA	6
AGCTNG	6
CNTTGA	6
GGGCAN	6
TNATAC	6
CTTACN	6
CTNCAN	6
CNGGAT	6
CNTACG	6
TNGAGT	6
ACACNC	6
GTNTCT	6
TGCTNG	6
CNTTGT	6
CACTNA	6
AGATCN	6
TNGTTT	6
CNAGTA	6
AANCCN	6
ANGTGT	6
GTCCNT	6
CCCANA	6
TNGTTG	6
AANGTN	6
CNAGAC	6
ANGGCT	6
ANGAAC	6
ANGGGA	6
CNACTC	6
TTNATG	6
GTNCAN	6
CGTTNA	6
GNGCTG	6
GACTNC	6
TNACCA	6
ATACNT	6
GAACNT	6
GCTCCN	6
AGNTAN	5
CNGACC	5
CNGAAC	5
TTNACN	5
CNGTGG	5
GGNTCN	5
CTCCNC	5
ANCTCA	5
CACANG	5
CGAATN	5
ANTTCG	5
GCCTNT	5
GAAANC	5
GGCTCN	5
CNTCAC	5
CTGTNC	5
CACANC	5
TNCAAC	5
TNAGAT	5
NGCGTN	5
AGCTNT	5
ANCGGT	5
CAAANC	5
AGNTGN	5
CNGATG	5
ATATNC	5
GACCNA	5
TCGCCN	5
ATTTNT	5
ACAANT	5
GTCGNT	5
TCCTNC	5
GGACNC	5
CGACGN	5
TCNAAN	5
TTATNG	5
ANCGTG	5
AGNAAT	5
ANCCGA	5
ACANCN	5
CTAANG	5
CNCTCA	5
AANACA	5
AACANA	5
CTCCNT	5
GGATNA	5
GGANTN	5
TCGTAN	5
AATCNG	5
AGGNGN	5
TNAGTG	5
TGTTNA	5
TGNAGG	5
TCATNG	5
ATNAAT	5
TNAGAG	5
CCNGCN	5
TTCANG	5
CAGCNT	5
GGGGNT	5
TCNCCN	5
ATNAGG	5
ATAANA	5
CAGANA	5
AGCANG	5
CGAGNG	5
TNTTTC	5
AGNCTN	5
GGGNCN	5
TCCACN	5
TACGGN	5
ATAANT	5
TGTNGA	5
TCNAGN	5
CNGTTG	5
ANCAAN	5
GTAGAN	5
CCACNT	5
GNGCAT	5
AANCCT	5
GGCCNT	5
GTNCTN	5
ATNGCC	5
TTCGCN	5
CTATNA	5
GAAGNA	5
GTCCNC	5
ATNGAN	5
ACGCGN	5
GGCCNC	5
GNGGGA	5
TCTGNA	5
CAACNA	5
GNCGCC	5
TNCTTC	5
CAGGNT	5
CGGGAN	5
TNTATT	5
TTGTNG	5
GNCGGT	5
ACCANA	5
TTTTNC	5
TNTACA	5
CATCNG	5
TANGAN	5
GNCTTG	5
CAACNG	5
ANTACG	5
AANTAN	5
CTGCNG	5
CATTNG	5
ANCGCC	5
TNAACG	5
GNTGTA	5
ANGCAG	5
ANGACC	5
CTGGGN	5
GTGCNC	5
GATTNT	5
ANATAG	5
CNAAGG	5
CNAAGT	5
TTTTNT	5
CNACAA	5
TGGGNT	5
ANGACT	5
GCCTNC	5
CNGTAG	5
GNTGAA	5
GTGGGN	5
ATNGAA	5
GNTCGN	5
TAGGCN	5
TNGTGA	5
GCNTGN	5
AANGGA	5
AANGGN	5
GTGTNT	5
AAACNC	5
CNGTAT	5
GNGTAT	5
CGTTNT	5
ATCTNA	5
GCNAGA	5
CCAGNT	5
TATGCN	5
CANATG	5
TNCATG	5
TNCATT	5
GANAAG	5
CANCAT	5
TNCAGC	5
ANAACT	5
CANCCN	5
TATCNG	5
TTNCTN	5
ACNTAN	5
TNCCAG	5
CNTCTA	5
ANTTAT	5
ANCTCC	5
CCGTNT	5
CNGCCT	5
AANATG	5
ATATNG	5
AGTCNT	5
GCATNA	5
CAGTNC	5
CGGNCN	5
ACCGTN	5
ANCCAN	5
ANTTAC	5
CNCACG	5
CNTCCG	5
CANAAT	5
CANACC	5
TNCGTG	5
TNTGAG	5
ANTGCC	5
ANTCTN	5
ATNAGT	5
GATGNA	5
CCTGNA	5
CGCANT	5
ATGCGN	5
TTCCNG	5
CCCCNC	5
GTTCNA	5
GNCATN	5
GNCCAA	5
TGCGCN	5
GNCCAG	5
GCACNT	5
CATANC	5
ACGANA	5
CTNCTN	5
TNCCCT	5
TGTTNT	5
CNGCGA	5
GANAGT	5
GTTTNC	5
GNAGCA	5
GNACCG	5
GNACGA	5
GATGNT	5
CANGTN	5
AGACNC	4
CTCCNA	4
ATCGAN	4
AATCNT	4
ANCGAT	4
GAACNG	4
GGATNG	4
CNGTGA	4
TCTTNG	4
TCTTNA	4
ATTANG	4
CTNACT	4
ACNCCG	4
GCTANA	4
ACNCCN	4
ATTANC	4
CGGCNC	4
CGCGNA	4
ACNGAN	4
CGGANA	4
NCGATC	4
TTGGCN	4
TGTANC	4
ACNGTN	4
CGGCNT	4
ACNTAA	4
ATCTNG	4
GCGTGN	4
GCTGNA	4
ACGGGN	4
CTNTCC	4
GCGTCN	4
CTNGGN	4
CTNGTN	4
GCNCCN	4
GCNGCN	4
CTNTAN	4
TGGTNA	4
CTNGCT	4
TGGGCN	4
NCGTAG	4
GCNCCA	4
GCNTAN	4
TTGTCN	4
ATTANA	4
ACNACN	4
TTTTNA	4
TGTAAN	4
ACNCAT	4
ATCGNT	4
TGATCN	4
ACTGNT	4
TGNACN	4
CTNCCT	4
CNTAGC	4
ACTTNT	4
ACCCGN	4
GCGACN	4
ATTTNA	4
TTNACC	4
CTTTNT	4
GCNAAT	4
AAAANT	4
AGAANA	4
CGACNA	4
AGAANG	4
GAAANA	4
CAAANG	4
GAAANG	4
CNTCGT	4
AAGGNT	4
CTTCNG	4
CGCANC	4
CGGGNC	4
ACCTNC	4
ACCTNA	4
ATTCNC	4
TGCANG	4
CGATNC	4
CNGTGT	4
CNTCGG	4
TGNAAN	4
CTTGNT	4
CNTCAN	4
TTNGGN	4
CGANGN	4
TTNGGA	4
TGATNC	4
TANCCT	4
AACGNT	4
GTTANT	4
GNCGTG	4
GANTCA	4
GNCTAT	4
CTATNG	4
CATCNA	4
CATCNC	4
TNTAAN	4
GNGAAC	4
GNGAAG	4
GTNTTG	4
GNGAAT	4
TANTCT	4
TANCAT	4
GCACGN	4
CTGCGN	4
CTGGNT	4
ANGTGC	4
GNGCCA	4
GTNCTT	4
TNGTTC	4
ATNGCA	4
GTNCGN	4
ANGTAA	4
AACANT	4
GNATGG	4
GNAAGT	4
CANGCT	4
GNAGAC	4
GNAGAN	4
GANCAN	4
CANTAT	4
CANTCA	4
GTTGNT	4
GNAGTC	4
GNATCC	4
GNATCG	4
GNATGA	4
TANAAA	4
ANTCTA	4
TNTCCG	4
TNCGCC	4
ATNATA	4
GANGCT	4
GANGGN	4
GNCCCC	4
CATANG	4
GNCGAT	4
GNCGCG	4
GNCGGA	4
TANTGC	4
TNGACA	4
TNGCTG	4
GATTNC	4
CNAGTC	4
ANCACG	4
TACTNT	4
CNACCG	4
CCCCNT	4
ATNCGN	4
CNACCT	4
ANCTGN	4
CNACGG	4
TNGAAG	4
TNGATG	4
TNGCTT	4
ANCTAC	4
CCANTN	4
TNGACT	4
CCCANC	4
GTCANG	4
TACCCN	4
ANCCGG	4
ANCGGA	4
AANCAG	4
AANCAT	4
ANCGCA	4
ANCGAG	4
GCAANA	4
GNGGAC	4
GTNATA	4
GNGGAT	4
GNGGGT	4
GNGTAA	4
ANGGAC	4
GNGTCA	4
GNGTGC	4
TNCTCT	4
GCAANT	4
GNTCCC	4
CATNCN	4
CNGGTT	4
TNGTCG	4
CTAGAN	4
GNTGAG	4
ANGCCC	4
TNGGTA	4
GNTGTC	4
TAGCTN	4
AACCNA	4
CCCTNG	4
AACCNC	4
CNAGTG	4
ANGACG	4
CNCTGG	4
CNGACT	4
TCNTTN	4
ACAANG	4
CACGGN	4
GACCNT	4
TCNTGN	4
TTTGNC	4
TCNGGN	4
NATTAN	4
TCNCGT	4
CCTAGN	4
AANAAC	4
CNGAGC	4
TCNACA	4
GGGACN	4
AGCCNC	4
TCGTNT	4
ATNGTG	4
ATNGTC	4
TNAGTT	4
CTCANT	4
ACACNG	4
GGGCNG	4
CGNTCT	4
TTAGNA	4
ATATNT	4
GAANCN	4
TTCGAN	4
AGATNG	4
CCTGNT	4
TNACCG	4
CNGCTT	4
TNACGA	4
CAATNC	4
TTCCNC	4
AATGNT	4
AATTNG	4
TCTCNA	4
ATNGGN	4
CGNGAN	4
CGNGAT	4
NATACN	4
TTCANT	4
AGCANA	4
CCTCNC	4
CNGGGC	4
GGCCCN	4
TTCANC	4
GACANT	4
ACAANC	4
AGTGNG	4
CGNTGN	4
ATCANT	4
AANACC	4
AGNTCN	4
GGTANC	4
TNCACA	4
GAGNGN	4
CCGTNC	4
TNCACG	4
NAAGGN	4
CCGGTN	4
CGTCNG	4
CNGGTA	4
CGTCNT	4
TNCAGG	4
CANAGC	4
CANATA	4
GGCANA	4
AANAGC	4
GCAGNG	4
TATCNA	4
CANCGT	4
TNTGTG	4
CTACGN	4
CANGAT	4
ACATNA	4
TCTGNT	4
CNCGGT	4
AGGCNG	4
TNATCC	4
TCGAAN	4
GAGANT	4
AGGNGG	4
TCCGCN	4
AANCTA	4
TCCCTN	4
CCNCAA	4
TCCCGN	4
AGAGNT	4
GAGGNA	4
AGNACA	4
CNCCGT	4
AANAAT	4
CNCCCA	4
ATAANC	4
AGNGAN	4
NACCAN	4
GGNTAN	4
GGNTGN	4
TTNGCN	3
TTNTTA	3
TTNGAN	3
TTNTGG	3
CTCGNG	3
NGGCCN	3
TTTANG	3
AAGNGN	3
TTNTTG	3
TTTCNC	3
TTTANA	3
TTTCNG	3
ATGGNT	3
TTNTAA	3
TTNTAT	3
NGGCGN	3
ATGNTN	3
TTTGNT	3
AANCGA	3
TCGAGN	3
TCAGNA	3
TCATNA	3
TCATNT	3
AGNCCA	3
TCCANC	3
AGNAGC	3
AGNACN	3
AGNAAG	3
AGGNTN	3
AGNTCG	3
TCGATN	3
AGGANT	3
AGGANC	3
TCGCNT	3
TCGGNG	3
TCGGTN	3
TCGTNC	3
TNAGGT	3
TCNATN	3
TNCTAN	3
TAGCNG	3
TAGGNG	3
TNCTCC	3
TANACG	3
TANATT	3
TANCAA	3
TANCGC	3
TANCGG	3
TANGGN	3
TCNCTG	3
TNCGTA	3
TNCGGG	3
TNCCTG	3
TNCCTC	3
ANAAAN	3
AGTNTN	3
TNCACC	3
TCAANC	3
AGTANC	3
TGGGNC	3
ACNGGN	3
TGCTNC	3
ACNGAA	3
ACNCTC	3
ACNCGN	3
TGGANG	3
ACNAGT	3
ACNAGC	3
ACNAAG	3
ACNGGT	3
ACGTNG	3
TGNTTT	3
ACGGNT	3
ACGGNG	3
TGNAGA	3
TGNCGN	3
TGNGCN	3
TGNGTT	3
TGNTAN	3
TGANAN	3
TCNGAA	3
TCNGTT	3
TCTCNC	3
TGAANC	3
TGAANG	3
AGAANC	3
TGACNT	3
AAGCNT	3
ACCCNG	3
ANATCC	3
ACTCNC	3
ACTCNA	3
TGCANA	3
ACCTNT	3
ACTANT	3
TGCCCN	3
ACNTGN	3
ACNTCA	3
ACACNA	3
TTCGNC	3
AATNGA	3
AATTNC	3
AATTNT	3
AAGANT	3
TTATNT	3
ATANCN	3
NTCAGN	3
TTATNA	3
TTCGNT	3
ATACNG	3
ACACNT	3
TTAGNG	3
TTACNC	3
TTAANT	3
TTAANC	3
TTAANA	3
ACATNT	3
ATAANG	3
AANGGT	3
TTNCGA	3
TTNATT	3
TTNAGT	3
TTNAGA	3
AANCTT	3
TTNAAG	3
TTNAAA	3
TTGTNC	3
AANGCA	3
NTCTTN	3
AANGTC	3
AANTGC	3
AANTGG	3
AANTTA	3
AATANG	3
ATCGNA	3
TTCTNC	3
AATGNA	3
NGTTGN	3
TNGATA	3
ANGCAC	3
TNGGGC	3
TNGGAG	3
TNGCGC	3
TNGCAT	3
ANCTTC	3
TNGATT	3
ANCTAG	3
ANCGCT	3
ANGCCT	3
ANCGCG	3
ANCGAC	3
ANCGAA	3
TACGAN	3
TNGAGC	3
ANCCCC	3
TNGAAC	3
TACTNC	3
TACTNG	3
ANGTCA	3
TNTTCG	3
ANTGCG	3
TNTGTA	3
TNTGCC	3
TNTCGC	3
TNTCAN	3
ANGTTC	3
ANGTTA	3
ANGTCT	3
TTNCTA	3
ANGGGT	3
ANGGCC	3
TNGTGG	3
ANGCTA	3
ANGCGT	3
TAACNC	3
TAACNT	3
ANGCGA	3
GGGGNC	3
GNTTCG	3
CGGANT	3
GANCTT	3
CANGTT	3
NCACAN	3
CNATTN	3
GANCGG	3
GANCGA	3
GANCCT	3
GANCAG	3
CAACNT	3
CANGGT	3
GNTCCG	3
GCNTCC	3
CANGCC	3
CNGCAN	3
CGCANG	3
GANACC	3
GNGTTA	3
GNGTGA	3
CTGGNA	3
CAAGNG	3
GAGTNA	3
CCNCTT	3
GCGTNT	3
CNCATA	3
CANCCA	3
ATTGNA	3
GGCTNC	3
NCCTTN	3
GAAGNT	3
ATTANT	3
CTGANA	3
CNTTCG	3
CTGANG	3
CCTANG	3
CCCGNA	3
AACCNT	3
GAATNG	3
AACCNG	3
GCNAAA	3
CNGATA	3
CTGCNC	3
GTTGNA	3
GANTGC	3
GTTGNC	3
ATTGNT	3
CTGCNT	3
CCNTAT	3
CTNTTC	3
GANTAN	3
CNGCGG	3
ATTTNC	3
GNTTTN	3
GACGNT	3
GNCGAC	3
NAGTCN	3
CTNATA	3
CCNATT	3
CACGNG	3
GNCACG	3
CTNCTT	3
CNCGAC	3
CNCGAT	3
CTNCTG	3
CTNATT	3
GNATGT	3
CNCGCN	3
CTNGCA	3
CGGTNG	3
CAGCNG	3
CGCNTN	3
NACCCN	3
GNACCN	3
CCGTNA	3
GGTTNC	3
CCGCNA	3
GCCTNA	3
CACTNC	3
CCGNAN	3
CCGGGN	3
CTNCCC	3
GCNTTN	3
GNGCTT	3
CTAANT	3
CCNCCN	3
CANATT	3
GNGCTC	3
CCNCCA	3
CNCCGA	3
CANAGG	3
CTNTCT	3
GNGCGG	3
CNCCGC	3
GGNAGA	3
GGNAGC	3
GAATNT	3
CNCCTA	3
CANAAC	3
GCNTTT	3
CTNAAT	3
GNGACT	3
GGNCCT	3
GNGACG	3
GAGCNG	3
GNCTGA	3
CGCTNA	3
GNCGGC	3
GNCGAG	3
CGTNCN	3
CNTAGT	3
GCATNT	3
NGATGN	3
CCTGGN	3
CNGTCN	3
ATNAAC	3
CNTCTC	3
CATCNT	3
GCTTNC	3
GGCGNC	3
GGCGNG	3
GCCGNC	3
GCCGNG	3
GCNCAN	3
GCAGNA	3
GGCNAN	3
CATGNG	3
GCTTNG	3
CNAGCG	3
GCNAAC	3
ATNGTT	3
GCAANC	3
GATGNG	3
CNTGGG	3
GCTTNT	3
GCCCNA	3
CCAGNG	3
GGAGNA	3
CCAGNA	3
GTCTNA	3
ATNGCT	3
CNACTA	3
CGTANA	3
CCAANT	3
GCGGNT	3
CNTGCN	3
GCCCNT	3
GCNGCA	3
GCCANT	3
CTCCNG	3
CTCGNA	3
GGACNG	3
CCACNG	3
CNGTTA	3
CNGTAC	3
GTTANC	3
CGTAAN	3
NGCAAN	3
GAAGNC	3
CGGGNG	3
CGGGNT	3
CNTGGA	3
GTNCAT	3
GCGGGN	3
ACNAGG	2
TANAGA	2
CNGAGG	2
TANAGC	2
GCNACC	2
GTGCNA	2
TANAGG	2
CCAANC	2
TANTAC	2
TAGTNG	2
TANGTN	2
GNGCAC	2
TANCTG	2
ACNATA	2
TAAGNA	2
GCNACN	2
GNGCAA	2
CCAANG	2
CTTTNC	2
CTTTNA	2
TANGCA	2
TANGAT	2
GNGACA	2
CNCGTN	2
GTGTNA	2
GNACTC	2
GCTANC	2
AAAGNA	2
TTGCNG	2
AAAGNC	2
CGNACA	2
ACNCTA	2
TTATNC	2
CTTCNC	2
GGTNGN	2
AGTTNC	2
TATGNA	2
TATGNT	2
TGTTNG	2
GGTGNT	2
CTTCNA	2
TGNATT	2
TANTTA	2
TANTTT	2
GNCGAA	2
GNCCTA	2
GCNAAG	2
GACCNC	2
GNCCGC	2
GACCNG	2
CCAANA	2
GNCAAN	2
ACCGGN	2
GNATTC	2
TATANA	2
TATANG	2
CATNGN	2
CATNCA	2
TATANT	2
TACCNC	2
TAGANA	2
TAGANC	2
GTACNA	2
GAACNC	2
GCGANC	2
ACGTNC	2
GTCCNA	2
GCNGAC	2
TACCNT	2
GAATNA	2
TCAGNT	2
CCGANC	2
TAGCNA	2
ACGTGN	2
GCNCTN	2
TGTGNG	2
TAGCNT	2
ANCGGG	2
GTCGNG	2
CCCCNG	2
GAAGNG	2
TACGTN	2
ANCCCG	2
CNGGTC	2
TGGGNG	2
CNGGGA	2
CCCANG	2
AATGNG	2
GTATNT	2
GNTTCC	2
CNGGCG	2
GTATAN	2
TACTNA	2
GTAGNG	2
GTAGNA	2
CCCGTN	2
AAAANC	2
ACGTNT	2
TGTNGN	2
GCNATN	2
CNGTCG	2
GNGTAG	2
GNGGGG	2
ACNACG	2
TGGTNG	2
GNGGGC	2
GNGGAG	2
CNGTGC	2
TGGTNT	2
GNGTCG	2
GAAANT	2
ACNACT	2
ACCCNA	2
ACGGNA	2
CCACNC	2
GTGANT	2
TTGANA	2
TAANCN	2
TAANAN	2
GCNCCT	2
ANCGTT	2
GNTGGG	2
CCANTG	2
TGGCNT	2
GCNTCG	2
TGGCNC	2
ACNACA	2
ANCTCG	2
GCNCGN	2
AAGGNG	2
GCNTTA	2
GNTCAC	2
TAGGNA	2
GNTACC	2
GNGTTC	2
GTCTNC	2
TTCANA	2
GTCTNG	2
CGGTNA	2
TNGGCA	2
TCNGTA	2
TCNGTN	2
TCNTCA	2
TCNTGG	2
CCTANT	2
TCNTTC	2
TNGGTT	2
TNGGTC	2
ACTANC	2
TNGGGG	2
TNGGCT	2
TNGGCG	2
AGCANT	2
TCNGCC	2
CCTCNA	2
TCTANA	2
AGCANC	2
CCTCNG	2
CGNCGC	2
CGNCTG	2
GATCNA	2
TNGCGA	2
TNGCCT	2
TNGCCA	2
GATCNC	2
CNAGGN	2
GGGANA	2
TNTATA	2
GANGTT	2
GANTAT	2
CCNTCA	2
GANTGG	2
CCNTCT	2
CCNTGA	2
GANTTA	2
AGCGNC	2
GANTTC	2
GGGANT	2
TNGTTA	2
GGGANG	2
CGNCTN	2
TGCCNG	2
TGCCNC	2
AGCCNA	2
CCNTTG	2
TCNACN	2
TCNACT	2
TNGTCC	2
TCNCCT	2
TCNCGA	2
TCNCTT	2
TNGTAC	2
GGCTNT	2
TGATNT	2
CGACNC	2
TNCCTA	2
GCCCNC	2
TNCCCC	2
AAGCNA	2
TNCCCA	2
TNCCAN	2
GCAGNC	2
GGAGNG	2
GGAGNC	2
CGTGNC	2
TGACNC	2
CGNGGT	2
AGAANT	2
CGTCNA	2
ACTTNC	2
ACTTNA	2
TGATNG	2
CGTANG	2
CGTANC	2
CGNTAN	2
GCCANA	2
GCCANG	2
CGNTTC	2
ACTGNC	2
ACTGNA	2
TNCGTC	2
CCTNAT	2
CCTNGN	2
TNGACG	2
TCTGNG	2
GATNGA	2
TNACTC	2
CNACGA	2
CCTTNT	2
TGCANC	2
CGTTNG	2
TCTTNC	2
TNCTAC	2
GANGTN	2
CGNGGA	2
AGACNT	2
TNAGCC	2
AGACNA	2
TNCGAT	2
TNCGAG	2
TNCGAC	2
GGATNT	2
GGATNC	2
CGAANA	2
AAANTN	2
TGAANT	2
GGNGGN	2
ACNGTG	2
ACANTN	2
CCNAGA	2
CCNAGG	2
CCNATN	2
GGNTTA	2
AGNTCC	2
ACCTNG	2
AGNTAT	2
TCANCN	2
AGNGTT	2
AGNGGN	2
AGNGGA	2
CCNACT	2
TGCGNC	2
AGNGCC	2
GGNGCT	2
AGNGAT	2
GGNGAA	2
GAGCNA	2
GAGCNC	2
AGNGAA	2
AGNCGN	2
AGNCGG	2
AGNCCT	2
AGNCCN	2
GCTCNA	2
TGCTNT	2
AGTNTC	2
GCCTNG	2
CNCGTA	2
TGCTNA	2
ACNGAT	2
TATTNG	2
AGTGNA	2
CNCGGG	2
CGNAGC	2
TTACNG	2
CGNATT	2
ACATNG	2
AGTCNG	2
ACNGGA	2
CCGTNG	2
GCTCNC	2
CCNAAA	2
CCNAAC	2
TCAANG	2
CCNAAT	2
CCNACA	2
CCNACG	2
GGTANG	2
AGTANA	2
TCGANG	2
AGGGNT	2
CCNGAC	2
TCCTNA	2
CCNGAN	2
TCCTNT	2
CCNGAT	2
TNTGTC	2
GANACT	2
CCNGCA	2
GANAGC	2
GANAGG	2
TNTGCG	2
AGGCNA	2
ACNTGT	2
GANATT	2
TCGANT	2
GANCCG	2
CCNGCT	2
AGGANA	2
TCGCNA	2
GGGCNT	2
GGGCNA	2
GANGCC	2
GANGGA	2
GANGGT	2
CCNTAC	2
TCCCNC	2
AGNCAC	2
AGNCAA	2
TCCANA	2
TCCANG	2
TCCANT	2
AGNATT	2
GGNCAG	2
AGNATG	2
GGNATT	2
GGNATA	2
GGNAAT	2
CGNCAN	2
CGNACN	2
CGNCAT	2
CGNCCN	2
GGGTNT	2
AGGTNG	2
CCNCGA	2
TCCGGN	2
TCCGNC	2
TCCGNT	2
ACNTCN	2
GAGGNT	2
CNCAGN	2
GCTGNC	2
CANCAC	2
GTTNCN	2
TTTGNA	2
CANGTC	2
CGGNGN	2
CANGTA	2
AANAAG	2
CANGGC	2
GTTTNA	2
GTTTNG	2
ATCTNT	2
CTGANT	2
NAAACN	2
AANACG	2
CANCCC	2
CANTCC	2
CANCAA	2
CANAGT	2
ANTGTG	2
CTNTAA	2
NCCCCN	2
NAAGCN	2
CTATNT	2
CAGTNT	2
NAAGTN	2
AANGAT	2
CTNGGG	2
NCCACN	2
ATTGNC	2
TGNCTN	2
CNTTCN	2
TGNCCN	2
ATNCTG	2
AANTCT	2
GTTANG	2
CNTTAN	2
CTTANG	2
CTTANC	2
ATNGGA	2
CTTANA	2
CATANA	2
TTGGNT	2
AANTAA	2
AANGTT	2
AAGTNG	2
TTTCNA	2
ANTCGA	2
ACGANG	2
ATNTCN	2
NCTATN	2
ATNTGT	2
CTNTTT	2
CANTTA	2
ATNTTA	2
CANTGC	2
CANTGA	2
ACGANT	2
GCGGNC	2
ATNTTT	2
ATGANG	2
CACGNT	2
CACTNG	2
ATACNA	2
TTNCAC	2
AANCGC	2
TTNCAG	2
CTAANA	2
TGNGGG	2
TTNCCN	2
CTGTNA	2
TTNCGC	2
NTCACN	2
ATAGNC	2
TTNTTC	2
CTNATG	2
CTNCAG	2
CTNATC	2
TTNTGT	2
NTATTN	2
TTNTCT	2
TTNTCG	2
AANCTG	2
TTNGAC	2
NTAGCN	2
TTNGTT	2
CTNAGC	2
CACGNA	2
NATAAN	2
CACCNC	2
CACCNG	2
CTNCGN	2
ACCGNT	2
NAATGN	2
CAGGNG	2
NGTCTN	2
AANGAG	2
CTAGTN	2
CGGANG	2
AACNAN	2
CTNCGT	2
ATCGNG	2
TGNTGT	2
CAGCNA	2
CAACNC	2
CTAGNC	2
AANTTT	2
NTCGGN	2
CTAGNA	2
TTNACG	2
AANCCC	2
NACGGN	2
ATCCNA	2
CAGANC	2
NACTCN	2
CAAGNA	2
TTNAGC	2
TTNATC	2
ATCANG	2
CACTNT	2
ATNCAG	2
ATNATG	2
AACGNC	2
GTNGCN	2
GTNGTN	2
GTNTAA	2
GTNAGC	2
ATGGNC	2
GTNACT	2
NGCTGN	2
ATGTNT	2
GTNGCA	2
NTTGCN	2
GTNACC	2
ANGGCA	2
TAAANA	2
ATNCCT	2
NGAACN	2
GTNAAT	2
ATGCNT	2
GTNTCC	2
GTNCCC	2
ANGTAG	2
ATNACA	2
ATNACC	2
ANGTAC	2
GTNCGT	2
ATNACG	2
NTTTTN	2
GTNCCG	2
ATNACT	2
ATNAGC	2
ATNATT	2
GTNCTG	2
NGACGN	2
ANGTGG	2
ATNAAG	2
ATGGNG	2
GTNCCA	2
GTNGAN	2
AAGNTN	2
ANGGGG	2
ANGGAG	2
CNTGTC	2
TGNCCA	2
ANGGAT	2
GCGCNT	2
CNTTAC	2
ACNTTT	1
AGNGAG	1
NATTTN	1
CCNGCG	1
CTNAGG	1
CGNTGA	1
ATCCNT	1
AANCCA	1
GANATC	1
GCATNG	1
GGNGAC	1
GGGGNA	1
GCATNC	1
ATGNGN	1
GANATA	1
NGTTAN	1
AGGCNC	1
NCAAAN	1
CTCNAA	1
CTGGNG	1
CAAGNC	1
GCGCNG	1
TTNGGT	1
AGGGNA	1
TGNTAA	1
GCGTNC	1
GAGTNC	1
GGNCGT	1
NATTGN	1
TNTGGN	1
AGNCTG	1
GANAAT	1
GANACA	1
GGNCTG	1
TGNTCA	1
AANCCG	1
ACATNC	1
GCGCNC	1
NATAGN	1
GANGAG	1
GCCNAC	1
CCNGGT	1
AGNGCG	1
CCNGTN	1
GANCTA	1
GANCTG	1
CCNGTT	1
CTAGNT	1
AANCAC	1
GGAANC	1
GCTNTA	1
AANCAA	1
GANGAT	1
NCAGGN	1
AGNGCN	1
AGCTNC	1
GCCCGN	1
GANGGG	1
AGCTNA	1
CACCNT	1
CGTCNC	1
CAAGNT	1
GGNGAN	1
GGNGCC	1
NGTGTN	1
TCATNC	1
GANCAT	1
GCTNAN	1
CGCCNC	1
GCTNCN	1
CACCNA	1
TGNTGG	1
TGNTTC	1
TGNTTG	1
ATCGNC	1
CGANGT	1
CCNGGC	1
CCNGGN	1
AACGNA	1
NCACCN	1
ATGNAN	1
TCCCNA	1
TNATAN	1
GGNCCN	1
GGNACN	1
TTNTCA	1
GGNACC	1
GGNACA	1
ACTNAN	1
AAGANG	1
CGNTTG	1
NTACCN	1
CAATNA	1
TCCCNG	1
TGNGGC	1
TCCCNT	1
GGNAAC	1
AAGNCN	1
CCNCAG	1
ACTNCT	1
CGNCCC	1
CNCCCG	1
TNTTTN	1
GGNCAN	1
CTNAAA	1
ACCGNG	1
CGNTCG	1
GGNCAC	1
AGNATC	1
AGNATA	1
NGCCCN	1
TGANTN	1
TNATCN	1
CNTTTN	1
AGGTNT	1
ATGTNA	1
CTNAAC	1
GGNATC	1
GGNCCC	1
NATCCN	1
GGNAGG	1
CTGTNT	1
ATGTNC	1
AGNACG	1
TCCNCN	1
CGNTAA	1
CTACNG	1
AAGNTA	1
CCNCTA	1
CNCATN	1
AGNCGA	1
TTNGTN	1
TTTTNG	1
CAANCA	1
TCCNAN	1
CCNTAG	1
ACNTCT	1
CAANAG	1
CCNCTG	1
ACNTGA	1
NATTCN	1
CTACNT	1
GCCNCN	1
AAGANA	1
CNCACN	1
NTACTN	1
CGANCN	1
TNATGN	1
TGNGTA	1
TGNGTG	1
NGCATN	1
ACTGNG	1
AGGTNC	1
AGGTNA	1
TGNGCA	1
GGGTNA	1
TGNGTN	1
AGGGNG	1
CNCCAN	1
CCNCGG	1
TGAGNG	1
NGCCTN	1
CTNACA	1
CTGNCN	1
CTACNA	1
CCNCGT	1
CAANGN	1
GGCGNA	1
ATNCAC	1
TNGGAA	1
TNCCTN	1
GGCGNT	1
TNGCTC	1
AAGTNT	1
TNGCTA	1
CGANTT	1
TNCGAA	1
CGNCGN	1
ATNTGG	1
NCTACN	1
ATNTGC	1
ATNTGA	1
TNGCCG	1
ATNTCT	1
AAGTNC	1
ATNTCC	1
TTTNCG	1
CCTGNC	1
ATNTCA	1
AGATNT	1
ATNTAT	1
TNGGCC	1
TCNTTT	1
TNGGTG	1
NCGGTN	1
ACTANG	1
ATNCAA	1
TNGGGN	1
TGTCNT	1
TTTGNG	1
GCCGNT	1
ATGANC	1
GCGGNG	1
TNCGGC	1
CGAANT	1
ATGANT	1
GGCNGN	1
CGAANC	1
NGGGCN	1
TGAANA	1
CGNCGA	1
TNGGAN	1
NGAATN	1
ATNTTC	1
GCACNG	1
ATNGCG	1
ACGANC	1
CNACCN	1
TCTNAN	1
CCTTNG	1
ATNGAG	1
GGCANT	1
AGAGNC	1
AGAGNA	1
NGGAGN	1
CGTNTN	1
ATNCTA	1
CNACCC	1
TNACTN	1
ATNGAC	1
CGATNT	1
ATNCTT	1
CGNGCA	1
GGCANC	1
NGGACN	1
CGNGCG	1
CGATNA	1
GCACNA	1
TNGAGA	1
CNACTN	1
CCTNAN	1
NCTGAN	1
ATNCGA	1
CCTNCA	1
GGCCNG	1
GGCCNA	1
GATNAN	1
AGANCT	1
ATNCGC	1
AGANAN	1
NGGTAN	1
ATGCNA	1
CCTNTT	1
CGNGCN	1
GATNCN	1
NCTGCN	1
CGTNCC	1
TNGACC	1
ATGCNC	1
NGAAAN	1
GATNTN	1
TCGTNA	1
CTATNC	1
TGTCNC	1
CCNTGC	1
CCNTGG	1
NCCATN	1
GANTTT	1
AAGCNC	1
AANAGT	1
TGTCNG	1
CGGNTN	1
GGGANC	1
AGCGNG	1
ACCNGN	1
TCGTNG	1
CCNTGT	1
TNGTGT	1
AGCCNG	1
NCCCGN	1
GCGCNA	1
CCNTTC	1
NCCCTN	1
TCNAAC	1
TCNAAG	1
GANTCG	1
CGTGNA	1
CTANAN	1
GANGTC	1
GANGTG	1
GGAANA	1
ATTNCT	1
GANTAC	1
GANTAG	1
CTCNGC	1
GANTCC	1
ATNCTC	1
TGCCNA	1
TGTCNA	1
TCGGNT	1
ATCNGN	1
CTCNGN	1
ATCNTC	1
TCGNCN	1
NGTCAN	1
GANTGT	1
CTGCNA	1
ACCNCN	1
NCGAGN	1
TCNGCA	1
CTGANC	1
TCNGCN	1
TCNGCT	1
TCNGGC	1
GGCTNG	1
TCNGGT	1
NCCTGN	1
TCNGTC	1
TCNGTG	1
CTCANG	1
TCNGAT	1
GCCCNG	1
NGCTCN	1
TCNTAN	1
GGCTNA	1
TNGTAA	1
CGANTN	1
TCNTGA	1
GGANAN	1
NCGCCN	1
TCNTGT	1
TCNCAN	1
TCNAAT	1
ACGCNG	1
TCNACC	1
TCNACG	1
GCGNCN	1
CGGCNA	1
TCNAGA	1
TCNATA	1
GATANC	1
TCNATT	1
TCNCAC	1
GANGTA	1
CGGCNG	1
GATANT	1
CGTGNG	1
ACTANA	1
CCTANA	1
TCNCTN	1
CGTGNT	1
NGGTTN	1
TCNGAG	1
NCCTCN	1
GCNGTC	1
TTGNCN	1
GCGANG	1
CANTTG	1
TGNCGC	1
GAATNC	1
TTCCNA	1
CANTTC	1
TAGANG	1
GTACNT	1
TAGANT	1
GTACNC	1
CANTGT	1
TGTNTN	1
TGTNCT	1
ACNAAA	1
NTGTGN	1
GCNGTT	1
CNGCGT	1
GTTGNG	1
GTAANT	1
GTAANG	1
ACNAAC	1
CCGANA	1
TGNCTG	1
CCGANG	1
CCGANT	1
GAANTN	1
TACNGN	1
TACNTN	1
NTTCAN	1
AATNCC	1
TTGGNC	1
ANTCAN	1
NTTATN	1
GCGANT	1
ACCCNT	1
TGTNAA	1
GTTCNG	1
CCCGNC	1
CCCGNG	1
CNGCGC	1
GTAGNT	1
ANTCCN	1
TGTNCN	1
GCNGGA	1
GCNGGG	1
GCNGGT	1
CCCNAN	1
CCCNAT	1
CCCNTN	1
CNGGAC	1
TGNCGA	1
AANGTG	1
CANCCT	1
GNGTGG	1
ANAGAN	1
TAGNAC	1
NAAAAN	1
GACANG	1
CANCTN	1
ACNACC	1
ACCCNC	1
CANCTG	1
NTGGAN	1
GNGGTT	1
GNGGTG	1
CANCGC	1
CANGAA	1
CANCAG	1
GNGGCC	1
GNGGCA	1
GCNTTC	1
NAAATN	1
GNGGAA	1
CNGAGT	1
GCNTTG	1
CTNTGC	1
CTNTGA	1
GNGCTA	1
TANAAC	1
GCNTGT	1
GCNTCA	1
NTGTCN	1
CANTAG	1
CANTAC	1
CANTAA	1
GNTTCA	1
GNTGTG	1
CANGTG	1
GNTGAN	1
CNGCCG	1
GNTCTN	1
ANTGAT	1
TACNCN	1
NTGGTN	1
GNTCAN	1
GNTATN	1
AANGGG	1
GACANC	1
CTNTTA	1
TAGGNC	1
GNTACN	1
CANGAG	1
TAGGNT	1
GNTAAG	1
NTGGCN	1
TGNAAG	1
GTNCAC	1
TAAGNT	1
ANGAGN	1
TGNCCC	1
GCNACG	1
TAANAT	1
TGNCCG	1
CNTACN	1
TGNACG	1
TTGANG	1
TTGANC	1
GCNAGC	1
ANGACA	1
TGNAGC	1
TGNAAC	1
GTNCGC	1
GTGANA	1
GCNAGT	1
GCNATA	1
ANGTCC	1
ANGTCG	1
GTNCTA	1
GCNATG	1
GTNGAC	1
GTNGAG	1
NTTTAN	1
GTGGNC	1
GTGTNG	1
GTGTNC	1
TTGCNA	1
TAAANT	1
CATNAN	1
GTNAAA	1
ACCGNC	1
TGNCAG	1
GTGNTC	1
TAACNA	1
TAACNG	1
TGNCAC	1
GTNGCC	1
GTGGNA	1
CTTGNG	1
CTTNCN	1
ANGCCA	1
TGNATG	1
GTNAGA	1
CTTNGN	1
GTGCNG	1
GTNAGT	1
ANGATN	1
AANTTC	1
ANGGGC	1
ANCCTA	1
AAGGNC	1
GCNCTT	1
ANCGCN	1
GCNGAA	1
AACGNG	1
AAGGNA	1
NTTCTN	1
TGGNAT	1
ACGTNA	1
GCNGAG	1
GTTANA	1
TGTGNT	1
CNGTAN	1
GTNTGT	1
ANCCGT	1
AANTCC	1
TGNCCT	1
AANTCA	1
TACGNA	1
TACGNG	1
CNGGGG	1
TACGNT	1
AANTAT	1
TTCGNA	1
ANCCCA	1
GCNGCC	1
GTCNGN	1
GCNCCC	1
NTTGTN	1
GTNGGG	1
GTNGTG	1
GCNCGC	1
CCANAN	1
GTNTAG	1
GTNTAN	1
CCANCN	1
CCANGT	1
GTCNTT	1
TACANG	1
CTNAGT	1
GTCNCT	1
GTCNAC	1
ANTAAN	1
ACGNCN	1
GCNCTC	1
TTCTNA	1
GTNTCA	1
ACGNGN	1
TGTGNC	1
ANCGTA	1
ACGNTN	1
GTNTGC	1
GGTCNA	1
NAGACN	1
CTNCAT	1
CCGGNC	1
CCGGNG	1
CCGGNT	1
CCGNCN	1
CCGNTN	1
TTNCAA	1
CNCGGA	1
ACNGCC	1
TTACNT	1
NTCCAN	1
CTNCAC	1
CTNCCA	1
TTNCAT	1
TTNCCA	1
AGTCNC	1
CACNGN	1
CACNCG	1
ACNGGG	1
TTNCCG	1
GCTCNG	1
TTNCCT	1
CACNCA	1
CCNAAG	1
CACNAN	1
CGCGNC	1
NACTAN	1
CCGCNG	1
TTAGNC	1
AGTTNT	1
CGNACG	1
CTNCGG	1
TTNACT	1
CTNCGC	1
GGTNGC	1
TATGNG	1
GGTNCN	1
ACNCTG	1
TGTTNC	1
CTNCAA	1
TTNAGG	1
CTNCCG	1
ACNGAG	1
NTCCTN	1
TATNAT	1
TATNCN	1
TATNGN	1
GGTGNC	1
TTNATA	1
AGTNTG	1
NAGAAN	1
ACCANG	1
AGNTAG	1
CGCCNT	1
ATANAN	1
AGNTGG	1
AGNTCT	1
ACNGTT	1
GGNTTC	1
CACGNC	1
NTATGN	1
GGNTGT	1
GGNTGC	1
GGNTGA	1
ATANGN	1
GGNTCA	1
AGNTTA	1
GGNTAT	1
AGNTAC	1
TCANCA	1
TTNGAT	1
AGNTAA	1
TTNGCG	1
GGNTAA	1
GGNGGT	1
AAANGA	1
ATANTT	1
AGNGGC	1
NTATAN	1
TTNGAA	1
TCAANT	1
GAGANC	1
GAGANG	1
CGNCAA	1
NAGGAN	1
ACANCT	1
GCTCNT	1
ACNGTA	1
TGCNAN	1
TGNGAT	1
ACANTC	1
TTNCTC	1
TTNCTT	1
TANAAT	1
CCNAGC	1
TCACNA	1
TCACNT	1
CNCGAA	1
CCNAGT	1
CCNATA	1
AGNTTT	1
CGNCAG	1
CNCCTN	1
AGNTTG	1
CCNATG	1
TTAANG	1
CAGGNC	1
TANGTC	1
TANGTG	1
TTGTNA	1
TANTAA	1
TANTAG	1
GNCTCN	1
TANTCC	1
GNCGTN	1
CAGNAN	1
NTGAAN	1
TANTGG	1
CTNGAG	1
TANTTG	1
TANGGT	1
ANACCN	1
ACNCAA	1
TTGTNT	1
AANGAC	1
GNCCGT	1
NACACN	1
GNCCGA	1
GNCCCG	1
NTCTGN	1
CNCTTN	1
TGNGAA	1
AANGAA	1
ACNCAC	1
GNGAGN	1
CANAGA	1
NTGCAN	1
TANACT	1
NAACTN	1
CANACG	1
GNGCCN	1
TANATA	1
TANATC	1
GNGCCC	1
GNGCAG	1
NTGATN	1
ANTTAN	1
GNGATA	1
ACNCGT	1
TANCGA	1
NTGAGN	1
GNGACC	1
TANCTC	1
CTNGTG	1
TANCTT	1
GNCTTA	1
NAATAN	1
NTGACN	1
TANGCT	1
TANGGA	1
CTNGGA	1
TGNGAN	1
TTANTT	1
CGNAAA	1
ACNCCC	1
GACNTN	1
GNAAAN	1
GACGNA	1
CGGTNT	1
GNACTN	1
CNCTCN	1
NACATN	1
CAGCNC	1
GNAATN	1
ANTTTN	1
TGGANA	1
TGGANC	1
CNCTCG	1
TTNACA	1
TTANAC	1
NTCTCN	1
TATANC	1
TTAGNT	1
CGNAAG	1
ACNCGC	1
NACAGN	1
NACGAN	1
ACNCCT	1
GNATAN	1
GCTANT	1
GNATGN	1
CTNCTA	1
